<?xml version="1.0" encoding="UTF-8"?>
<robot generator="Robot 5.0.1 (Python 3.9.13 on win32)" generated="20230412 22:46:22.658" rpa="true" schemaversion="3">
<suite id="s1" name="Tasks" source="c:\Users\sbarrague\Desktop\Escritorio\Robocorp Level 2\tasks.robot">
<test id="s1-t1" name="Order robots from RobotSpareBin Industries Inc" line="25">
<kw name="Open the robot order website">
<kw name="Open Available Browser" library="RPA.Browser.Selenium">
<arg>https://robotsparebinindustries.com/#/robot-order</arg>
<doc>Attempts to open a browser on the user's device from a set of
supported browsers. Automatically downloads a corresponding webdriver
if none is already installed.</doc>
<msg timestamp="20230412 22:46:24.884" level="INFO">Creating an instance of the Chrome WebDriver.</msg>
<msg timestamp="20230412 22:46:24.894" level="INFO">====== WebDriver manager ======</msg>
<msg timestamp="20230412 22:46:26.757" level="INFO">Creating an instance of the Chrome WebDriver.</msg>
<msg timestamp="20230412 22:46:27.877" level="INFO">Created Chrome browser with arguments: --disable-dev-shm-usage --disable-web-security --allow-running-insecure-content --no-sandbox</msg>
<msg timestamp="20230412 22:46:27.882" level="INFO" html="true">&lt;p&gt;Attempted combinations:&lt;/p&gt;&lt;div class="doc"&gt;&lt;table&gt;&lt;tr&gt;&lt;th&gt;Browser&lt;/th&gt;&lt;th&gt;Download&lt;/th&gt;&lt;th&gt;Error&lt;/th&gt;&lt;/tr&gt;&lt;tr&gt;&lt;td&gt;Chrome&lt;/td&gt;&lt;td&gt;False&lt;/td&gt;&lt;td&gt;Message: 'chromedriver' executable needs to be in PATH. Please see https://chromedriver.chromium.org/home
&lt;/td&gt;&lt;/tr&gt;&lt;tr&gt;&lt;td&gt;Chrome&lt;/td&gt;&lt;td&gt;True&lt;/td&gt;&lt;td&gt;&lt;/td&gt;&lt;/tr&gt;&lt;/table&gt;&lt;/div&gt;</msg>
<msg timestamp="20230412 22:46:27.882" level="INFO">Opening url 'https://robotsparebinindustries.com/#/robot-order'</msg>
<status status="PASS" starttime="20230412 22:46:24.884" endtime="20230412 22:46:29.809"/>
</kw>
<status status="PASS" starttime="20230412 22:46:24.884" endtime="20230412 22:46:29.812"/>
</kw>
<kw name="Get Orders">
<var>${orders}</var>
<kw name="Download" library="RPA.HTTP">
<arg>https://robotsparebinindustries.com/orders.csv</arg>
<arg>overwrite=True</arg>
<doc>An alias for the ``HTTP Get`` keyword.</doc>
<msg timestamp="20230412 22:46:29.818" level="INFO">Creating a new HTTP session</msg>
<msg timestamp="20230412 22:46:29.818" level="INFO">Creating Session using : alias=rpasession_alias.httpsrobotsparebinindustries.com, url=https://robotsparebinindustries.com, headers={},                     cookies={}, auth=None, timeout=None, proxies=None, verify=True,                     debug=0 </msg>
<status status="PASS" starttime="20230412 22:46:29.818" endtime="20230412 22:46:30.688"/>
</kw>
<kw name="Read table from CSV" library="RPA.Tables">
<var>${orders}</var>
<arg>orders.csv</arg>
<arg>header=True</arg>
<doc>Read a CSV file as a table.</doc>
<msg timestamp="20230412 22:46:30.702" level="INFO">${orders} = Table(columns=['Order number', 'Head', 'Body', 'Legs', 'Address'], rows=20)</msg>
<status status="PASS" starttime="20230412 22:46:30.688" endtime="20230412 22:46:30.702"/>
</kw>
<return>
<value>${orders}</value>
<status status="PASS" starttime="20230412 22:46:30.702" endtime="20230412 22:46:30.702"/>
</return>
<msg timestamp="20230412 22:46:30.702" level="INFO">${orders} = Table(columns=['Order number', 'Head', 'Body', 'Legs', 'Address'], rows=20)</msg>
<status status="PASS" starttime="20230412 22:46:29.817" endtime="20230412 22:46:30.702"/>
</kw>
<for flavor="IN">
<var>${row}</var>
<value>@{orders}</value>
<iter>
<var name="${row}">{'Order number': '1', 'Head': '1', 'Body': '2', 'Legs': '3', 'Address': 'Address 123'}</var>
<kw name="Close the annoying modal">
<kw name="Wait Until Page Contains Element" library="RPA.Browser.Selenium">
<arg>css:.btn.btn-dark</arg>
<doc>Waits until the element ``locator`` appears on the current page.</doc>
<status status="PASS" starttime="20230412 22:46:30.714" endtime="20230412 22:46:30.737"/>
</kw>
<kw name="Click Button" library="RPA.Browser.Selenium">
<arg>css:.btn.btn-dark</arg>
<doc>Clicks the button identified by ``locator``.</doc>
<msg timestamp="20230412 22:46:30.737" level="INFO">Clicking button 'css:.btn.btn-dark'.</msg>
<status status="PASS" starttime="20230412 22:46:30.737" endtime="20230412 22:46:30.830"/>
</kw>
<status status="PASS" starttime="20230412 22:46:30.714" endtime="20230412 22:46:30.830"/>
</kw>
<kw name="Fill the form">
<arg>${row}</arg>
<kw name="Select From List By Value" library="RPA.Browser.Selenium">
<arg>head</arg>
<arg>${row}[Head]</arg>
<doc>Selects options from selection list ``locator`` by ``values``.</doc>
<msg timestamp="20230412 22:46:30.830" level="INFO">Selecting options from selection list 'head' by value 1.</msg>
<status status="PASS" starttime="20230412 22:46:30.830" endtime="20230412 22:46:30.973"/>
</kw>
<kw name="Select Radio Button" library="RPA.Browser.Selenium">
<arg>body</arg>
<arg>${row}[Body]</arg>
<doc>Sets the radio button group ``group_name`` to ``value``.</doc>
<msg timestamp="20230412 22:46:30.973" level="INFO">Selecting '2' from radio button 'body'.</msg>
<status status="PASS" starttime="20230412 22:46:30.973" endtime="20230412 22:46:31.063"/>
</kw>
<kw name="Input Text" library="RPA.Browser.Selenium">
<arg>css:.form-control</arg>
<arg>${row}[Legs]</arg>
<doc>Types the given ``text`` into the text field identified by ``locator``.</doc>
<msg timestamp="20230412 22:46:31.071" level="INFO">Typing text '3' into text field 'css:.form-control'.</msg>
<status status="PASS" starttime="20230412 22:46:31.063" endtime="20230412 22:46:31.239"/>
</kw>
<kw name="Input Text" library="RPA.Browser.Selenium">
<arg>address</arg>
<arg>${row}[Address]</arg>
<doc>Types the given ``text`` into the text field identified by ``locator``.</doc>
<msg timestamp="20230412 22:46:31.239" level="INFO">Typing text 'Address 123' into text field 'address'.</msg>
<status status="PASS" starttime="20230412 22:46:31.239" endtime="20230412 22:46:31.385"/>
</kw>
<kw name="Click Button" library="RPA.Browser.Selenium">
<arg>preview</arg>
<doc>Clicks the button identified by ``locator``.</doc>
<msg timestamp="20230412 22:46:31.386" level="INFO">Clicking button 'preview'.</msg>
<status status="PASS" starttime="20230412 22:46:31.385" endtime="20230412 22:46:31.472"/>
</kw>
<kw name="Is Element Visible" library="RPA.Browser.Selenium">
<var>${res}</var>
<arg>order-another</arg>
<doc>Is element visible</doc>
<msg timestamp="20230412 22:46:31.491" level="INFO" html="true">Ran with keyword &lt;b&gt;Element Should Be Visible&lt;/b&gt; which returned error: &lt;i&gt;Element with locator 'order-another' not found.&lt;/i&gt;</msg>
<msg timestamp="20230412 22:46:31.491" level="INFO">${res} = False</msg>
<status status="PASS" starttime="20230412 22:46:31.472" endtime="20230412 22:46:31.491"/>
</kw>
<while condition="${res} == $False">
<iter>
<kw name="Wait Until Page Contains Element" library="RPA.Browser.Selenium">
<arg>order</arg>
<doc>Waits until the element ``locator`` appears on the current page.</doc>
<status status="PASS" starttime="20230412 22:46:31.500" endtime="20230412 22:46:31.522"/>
</kw>
<kw name="Click Button" library="RPA.Browser.Selenium">
<arg>order</arg>
<doc>Clicks the button identified by ``locator``.</doc>
<msg timestamp="20230412 22:46:31.525" level="INFO">Clicking button 'order'.</msg>
<status status="PASS" starttime="20230412 22:46:31.524" endtime="20230412 22:46:31.614"/>
</kw>
<kw name="Is Element Visible" library="RPA.Browser.Selenium">
<var>${res}</var>
<arg>order-another</arg>
<doc>Is element visible</doc>
<msg timestamp="20230412 22:46:31.643" level="INFO">Element 'order-another' is displayed.</msg>
<msg timestamp="20230412 22:46:31.643" level="INFO">${res} = True</msg>
<status status="PASS" starttime="20230412 22:46:31.614" endtime="20230412 22:46:31.643"/>
</kw>
<status status="PASS" starttime="20230412 22:46:31.500" endtime="20230412 22:46:31.643"/>
</iter>
<status status="PASS" starttime="20230412 22:46:31.491" endtime="20230412 22:46:31.643"/>
</while>
<status status="PASS" starttime="20230412 22:46:30.830" endtime="20230412 22:46:31.652"/>
</kw>
<kw name="Download and store receipt">
<arg>${row}</arg>
<kw name="Store the receipt as a PDF file">
<var>${pdf}</var>
<arg>${row}</arg>
<kw name="Get Element Attribute" library="RPA.Browser.Selenium">
<var>${order_results_html}</var>
<arg>id:order-completion</arg>
<arg>outerHTML</arg>
<doc>Returns the value of ``attribute`` from the element ``locator``.</doc>
<msg timestamp="20230412 22:46:31.684" level="INFO">${order_results_html} = &lt;div id="order-completion"&gt;&lt;div id="receipt" class="alert alert-success" role="alert"&gt;&lt;h3&gt;Receipt&lt;/h3&gt;&lt;div&gt;2023-04-13T01:46:31.604Z&lt;/div&gt;&lt;p class="badge badge-success"&gt;RSB-ROBO-ORDER-TNKK6MOU4U&lt;/p&gt;&lt;p&gt;...</msg>
<status status="PASS" starttime="20230412 22:46:31.652" endtime="20230412 22:46:31.684"/>
</kw>
<kw name="Html To Pdf" library="RPA.PDF">
<arg>${order_results_html}</arg>
<arg>${receipt_dir}${/}${row}[Order number].pdf</arg>
<doc>Generate a PDF file from HTML content.</doc>
<msg timestamp="20230412 22:46:31.684" level="INFO">Writing output to file C:\Users\sbarrague\Desktop\Escritorio\Robocorp Level 2\output\orders\1.pdf</msg>
<msg timestamp="20230412 22:46:31.946" level="INFO">maxp pruned</msg>
<msg timestamp="20230412 22:46:31.946" level="INFO">cmap pruned</msg>
<msg timestamp="20230412 22:46:31.955" level="INFO">post pruned</msg>
<msg timestamp="20230412 22:46:31.962" level="INFO">GDEF dropped</msg>
<msg timestamp="20230412 22:46:31.963" level="INFO">GPOS dropped</msg>
<msg timestamp="20230412 22:46:31.963" level="INFO">GSUB dropped</msg>
<msg timestamp="20230412 22:46:31.966" level="INFO">name pruned</msg>
<msg timestamp="20230412 22:46:31.975" level="INFO">glyf pruned</msg>
<msg timestamp="20230412 22:46:31.975" level="INFO">Added gid0 to subset</msg>
<msg timestamp="20230412 22:46:31.975" level="INFO">Added first four glyphs to subset</msg>
<msg timestamp="20230412 22:46:31.975" level="INFO">Closing glyph list over 'glyf': 59 glyphs before</msg>
<msg timestamp="20230412 22:46:31.983" level="INFO">Glyph names: ['.notdef', '.null', 'uni0020', 'uni0021', 'uni002D', 'uni002E', 'uni0030', 'uni0031', 'uni0032', 'uni0033', 'uni0034', 'uni0035', 'uni0036', 'uni0037', 'uni0038', 'uni0039', 'uni003A', 'uni0041', 'uni0042', 'uni0044', 'uni0045', 'uni0048', 'uni004B', 'uni004C', 'uni004D', 'uni004E', 'uni004F', 'uni0052', 'uni0053', 'uni0054', 'uni0055', 'uni0057', 'uni0059', 'uni005A', 'uni0061', 'uni0062', 'uni0063', 'uni0064', 'uni0065', 'uni0066', 'uni0067', 'uni0068', 'uni0069', 'uni006B', 'uni006C', 'uni006D', 'uni006E', 'uni006F', 'uni0070', 'uni0072', 'uni0073', 'uni0074', 'uni0075', 'uni0076', 'uni0077', 'uni0079', 'uni007B', 'uni007D', 'uni00C4']</msg>
<msg timestamp="20230412 22:46:31.983" level="INFO">Glyph IDs:   [0, 1, 2, 3, 65, 84, 95, 161, 270, 280, 291, 299, 320, 382, 395, 409, 421, 456, 469, 493, 504, 575, 582, 594, 612, 645, 650, 660, 679, 715, 723, 752, 759, 775, 827, 837, 867, 884, 899, 932, 936, 950, 1294, 1295, 1296, 1298, 1299, 1300, 1302, 1303, 1304, 1305, 1329, 1345, 1346, 1361, 1404, 1407, 1681]</msg>
<msg timestamp="20230412 22:46:31.983" level="INFO">Closed glyph list over 'glyf': 59 glyphs after</msg>
<msg timestamp="20230412 22:46:31.983" level="INFO">Glyph names: ['.notdef', '.null', 'uni0020', 'uni0021', 'uni002D', 'uni002E', 'uni0030', 'uni0031', 'uni0032', 'uni0033', 'uni0034', 'uni0035', 'uni0036', 'uni0037', 'uni0038', 'uni0039', 'uni003A', 'uni0041', 'uni0042', 'uni0044', 'uni0045', 'uni0048', 'uni004B', 'uni004C', 'uni004D', 'uni004E', 'uni004F', 'uni0052', 'uni0053', 'uni0054', 'uni0055', 'uni0057', 'uni0059', 'uni005A', 'uni0061', 'uni0062', 'uni0063', 'uni0064', 'uni0065', 'uni0066', 'uni0067', 'uni0068', 'uni0069', 'uni006B', 'uni006C', 'uni006D', 'uni006E', 'uni006F', 'uni0070', 'uni0072', 'uni0073', 'uni0074', 'uni0075', 'uni0076', 'uni0077', 'uni0079', 'uni007B', 'uni007D', 'uni00C4']</msg>
<msg timestamp="20230412 22:46:31.983" level="INFO">Glyph IDs:   [0, 1, 2, 3, 65, 84, 95, 161, 270, 280, 291, 299, 320, 382, 395, 409, 421, 456, 469, 493, 504, 575, 582, 594, 612, 645, 650, 660, 679, 715, 723, 752, 759, 775, 827, 837, 867, 884, 899, 932, 936, 950, 1294, 1295, 1296, 1298, 1299, 1300, 1302, 1303, 1304, 1305, 1329, 1345, 1346, 1361, 1404, 1407, 1681]</msg>
<msg timestamp="20230412 22:46:31.983" level="INFO">Retaining 59 glyphs</msg>
<msg timestamp="20230412 22:46:31.983" level="INFO">head subsetting not needed</msg>
<msg timestamp="20230412 22:46:31.983" level="INFO">hhea subsetting not needed</msg>
<msg timestamp="20230412 22:46:31.983" level="INFO">maxp subsetting not needed</msg>
<msg timestamp="20230412 22:46:31.983" level="INFO">OS/2 subsetting not needed</msg>
<msg timestamp="20230412 22:46:31.996" level="INFO">hmtx subsetted</msg>
<msg timestamp="20230412 22:46:31.996" level="INFO">cmap subsetted</msg>
<msg timestamp="20230412 22:46:31.996" level="INFO">prep subsetting not needed</msg>
<msg timestamp="20230412 22:46:31.996" level="INFO">loca subsetting not needed</msg>
<msg timestamp="20230412 22:46:31.996" level="INFO">post subsetted</msg>
<msg timestamp="20230412 22:46:31.996" level="INFO">gasp subsetting not needed</msg>
<msg timestamp="20230412 22:46:31.996" level="INFO">STAT subsetting not needed</msg>
<msg timestamp="20230412 22:46:31.996" level="INFO">name subsetting not needed</msg>
<msg timestamp="20230412 22:46:32.004" level="INFO">glyf subsetted</msg>
<msg timestamp="20230412 22:46:32.004" level="INFO">head pruned</msg>
<msg timestamp="20230412 22:46:32.004" level="INFO">OS/2 Unicode ranges pruned: [0]</msg>
<msg timestamp="20230412 22:46:32.004" level="INFO">glyf pruned</msg>
<msg timestamp="20230412 22:46:32.088" level="INFO">maxp pruned</msg>
<msg timestamp="20230412 22:46:32.088" level="INFO">cmap pruned</msg>
<msg timestamp="20230412 22:46:32.088" level="INFO">post pruned</msg>
<msg timestamp="20230412 22:46:32.088" level="INFO">GDEF dropped</msg>
<msg timestamp="20230412 22:46:32.088" level="INFO">GPOS dropped</msg>
<msg timestamp="20230412 22:46:32.088" level="INFO">GSUB dropped</msg>
<msg timestamp="20230412 22:46:32.095" level="INFO">name pruned</msg>
<msg timestamp="20230412 22:46:32.095" level="INFO">glyf pruned</msg>
<msg timestamp="20230412 22:46:32.104" level="INFO">Added gid0 to subset</msg>
<msg timestamp="20230412 22:46:32.104" level="INFO">Added first four glyphs to subset</msg>
<msg timestamp="20230412 22:46:32.104" level="INFO">Closing glyph list over 'glyf': 19 glyphs before</msg>
<msg timestamp="20230412 22:46:32.104" level="INFO">Glyph names: ['.notdef', '.null', 'uni0020', 'uni0030', 'uni0031', 'uni0032', 'uni0033', 'uni0034', 'uni0035', 'uni0036', 'uni0037', 'uni0038', 'uni0039', 'uni0041', 'uni0062', 'uni006E', 'uni007B', 'uni007D', 'uni00C4']</msg>
<msg timestamp="20230412 22:46:32.104" level="INFO">Glyph IDs:   [0, 1, 2, 3, 575, 759, 1294, 1295, 1296, 1298, 1299, 1300, 1302, 1303, 1304, 1305, 1345, 1346, 1681]</msg>
<msg timestamp="20230412 22:46:32.104" level="INFO">Closed glyph list over 'glyf': 19 glyphs after</msg>
<msg timestamp="20230412 22:46:32.104" level="INFO">Glyph names: ['.notdef', '.null', 'uni0020', 'uni0030', 'uni0031', 'uni0032', 'uni0033', 'uni0034', 'uni0035', 'uni0036', 'uni0037', 'uni0038', 'uni0039', 'uni0041', 'uni0062', 'uni006E', 'uni007B', 'uni007D', 'uni00C4']</msg>
<msg timestamp="20230412 22:46:32.104" level="INFO">Glyph IDs:   [0, 1, 2, 3, 575, 759, 1294, 1295, 1296, 1298, 1299, 1300, 1302, 1303, 1304, 1305, 1345, 1346, 1681]</msg>
<msg timestamp="20230412 22:46:32.104" level="INFO">Retaining 19 glyphs</msg>
<msg timestamp="20230412 22:46:32.104" level="INFO">head subsetting not needed</msg>
<msg timestamp="20230412 22:46:32.111" level="INFO">hhea subsetting not needed</msg>
<msg timestamp="20230412 22:46:32.112" level="INFO">maxp subsetting not needed</msg>
<msg timestamp="20230412 22:46:32.112" level="INFO">OS/2 subsetting not needed</msg>
<msg timestamp="20230412 22:46:32.112" level="INFO">hmtx subsetted</msg>
<msg timestamp="20230412 22:46:32.121" level="INFO">cmap subsetted</msg>
<msg timestamp="20230412 22:46:32.121" level="INFO">prep subsetting not needed</msg>
<msg timestamp="20230412 22:46:32.121" level="INFO">loca subsetting not needed</msg>
<msg timestamp="20230412 22:46:32.121" level="INFO">post subsetted</msg>
<msg timestamp="20230412 22:46:32.121" level="INFO">gasp subsetting not needed</msg>
<msg timestamp="20230412 22:46:32.121" level="INFO">STAT subsetting not needed</msg>
<msg timestamp="20230412 22:46:32.121" level="INFO">name subsetting not needed</msg>
<msg timestamp="20230412 22:46:32.121" level="INFO">glyf subsetted</msg>
<msg timestamp="20230412 22:46:32.128" level="INFO">head pruned</msg>
<msg timestamp="20230412 22:46:32.128" level="INFO">OS/2 Unicode ranges pruned: [0]</msg>
<msg timestamp="20230412 22:46:32.128" level="INFO">glyf pruned</msg>
<msg timestamp="20230412 22:46:32.247" level="INFO">maxp pruned</msg>
<msg timestamp="20230412 22:46:32.248" level="INFO">cmap pruned</msg>
<msg timestamp="20230412 22:46:32.249" level="INFO">post pruned</msg>
<msg timestamp="20230412 22:46:32.249" level="INFO">GDEF dropped</msg>
<msg timestamp="20230412 22:46:32.250" level="INFO">GPOS dropped</msg>
<msg timestamp="20230412 22:46:32.250" level="INFO">GSUB dropped</msg>
<msg timestamp="20230412 22:46:32.250" level="INFO">name pruned</msg>
<msg timestamp="20230412 22:46:32.262" level="INFO">glyf pruned</msg>
<msg timestamp="20230412 22:46:32.272" level="INFO">Added gid0 to subset</msg>
<msg timestamp="20230412 22:46:32.272" level="INFO">Added first four glyphs to subset</msg>
<msg timestamp="20230412 22:46:32.272" level="INFO">Closing glyph list over 'glyf': 18 glyphs before</msg>
<msg timestamp="20230412 22:46:32.272" level="INFO">Glyph names: ['.notdef', '.null', 'uni0020', 'uni0030', 'uni0031', 'uni0032', 'uni0033', 'uni0034', 'uni0035', 'uni0036', 'uni0037', 'uni0038', 'uni0039', 'uni0062', 'uni006E', 'uni007B', 'uni007D', 'uni00A0']</msg>
<msg timestamp="20230412 22:46:32.272" level="INFO">Glyph IDs:   [0, 1, 2, 3, 544, 727, 1256, 1257, 1258, 1260, 1261, 1262, 1264, 1265, 1266, 1267, 1307, 1308]</msg>
<msg timestamp="20230412 22:46:32.272" level="INFO">Closed glyph list over 'glyf': 18 glyphs after</msg>
<msg timestamp="20230412 22:46:32.272" level="INFO">Glyph names: ['.notdef', '.null', 'uni0020', 'uni0030', 'uni0031', 'uni0032', 'uni0033', 'uni0034', 'uni0035', 'uni0036', 'uni0037', 'uni0038', 'uni0039', 'uni0062', 'uni006E', 'uni007B', 'uni007D', 'uni00A0']</msg>
<msg timestamp="20230412 22:46:32.272" level="INFO">Glyph IDs:   [0, 1, 2, 3, 544, 727, 1256, 1257, 1258, 1260, 1261, 1262, 1264, 1265, 1266, 1267, 1307, 1308]</msg>
<msg timestamp="20230412 22:46:32.280" level="INFO">Retaining 18 glyphs</msg>
<msg timestamp="20230412 22:46:32.280" level="INFO">head subsetting not needed</msg>
<msg timestamp="20230412 22:46:32.280" level="INFO">hhea subsetting not needed</msg>
<msg timestamp="20230412 22:46:32.280" level="INFO">maxp subsetting not needed</msg>
<msg timestamp="20230412 22:46:32.280" level="INFO">OS/2 subsetting not needed</msg>
<msg timestamp="20230412 22:46:32.280" level="INFO">hmtx subsetted</msg>
<msg timestamp="20230412 22:46:32.288" level="INFO">cmap subsetted</msg>
<msg timestamp="20230412 22:46:32.288" level="INFO">loca subsetting not needed</msg>
<msg timestamp="20230412 22:46:32.288" level="INFO">post subsetted</msg>
<msg timestamp="20230412 22:46:32.288" level="INFO">name subsetting not needed</msg>
<msg timestamp="20230412 22:46:32.288" level="INFO">glyf subsetted</msg>
<msg timestamp="20230412 22:46:32.295" level="INFO">head pruned</msg>
<msg timestamp="20230412 22:46:32.297" level="INFO">OS/2 Unicode ranges pruned: [0]</msg>
<msg timestamp="20230412 22:46:32.297" level="INFO">glyf pruned</msg>
<msg timestamp="20230412 22:46:32.347" level="INFO">maxp pruned</msg>
<msg timestamp="20230412 22:46:32.347" level="INFO">cmap pruned</msg>
<msg timestamp="20230412 22:46:32.347" level="INFO">post pruned</msg>
<msg timestamp="20230412 22:46:32.347" level="INFO">GDEF dropped</msg>
<msg timestamp="20230412 22:46:32.347" level="INFO">GPOS dropped</msg>
<msg timestamp="20230412 22:46:32.347" level="INFO">GSUB dropped</msg>
<msg timestamp="20230412 22:46:32.347" level="INFO">name pruned</msg>
<msg timestamp="20230412 22:46:32.361" level="INFO">glyf pruned</msg>
<msg timestamp="20230412 22:46:32.366" level="INFO">Added gid0 to subset</msg>
<msg timestamp="20230412 22:46:32.366" level="INFO">Added first four glyphs to subset</msg>
<msg timestamp="20230412 22:46:32.366" level="INFO">Closing glyph list over 'glyf': 18 glyphs before</msg>
<msg timestamp="20230412 22:46:32.366" level="INFO">Glyph names: ['.notdef', '.null', 'uni0020', 'uni0030', 'uni0031', 'uni0032', 'uni0033', 'uni0034', 'uni0035', 'uni0036', 'uni0037', 'uni0038', 'uni0039', 'uni0062', 'uni006E', 'uni007B', 'uni007D', 'uni00A0']</msg>
<msg timestamp="20230412 22:46:32.375" level="INFO">Glyph IDs:   [0, 1, 2, 3, 544, 727, 1256, 1257, 1258, 1260, 1261, 1262, 1264, 1265, 1266, 1267, 1307, 1308]</msg>
<msg timestamp="20230412 22:46:32.375" level="INFO">Closed glyph list over 'glyf': 18 glyphs after</msg>
<msg timestamp="20230412 22:46:32.376" level="INFO">Glyph names: ['.notdef', '.null', 'uni0020', 'uni0030', 'uni0031', 'uni0032', 'uni0033', 'uni0034', 'uni0035', 'uni0036', 'uni0037', 'uni0038', 'uni0039', 'uni0062', 'uni006E', 'uni007B', 'uni007D', 'uni00A0']</msg>
<msg timestamp="20230412 22:46:32.377" level="INFO">Glyph IDs:   [0, 1, 2, 3, 544, 727, 1256, 1257, 1258, 1260, 1261, 1262, 1264, 1265, 1266, 1267, 1307, 1308]</msg>
<msg timestamp="20230412 22:46:32.378" level="INFO">Retaining 18 glyphs</msg>
<msg timestamp="20230412 22:46:32.379" level="INFO">head subsetting not needed</msg>
<msg timestamp="20230412 22:46:32.379" level="INFO">hhea subsetting not needed</msg>
<msg timestamp="20230412 22:46:32.379" level="INFO">maxp subsetting not needed</msg>
<msg timestamp="20230412 22:46:32.379" level="INFO">OS/2 subsetting not needed</msg>
<msg timestamp="20230412 22:46:32.379" level="INFO">hmtx subsetted</msg>
<msg timestamp="20230412 22:46:32.387" level="INFO">cmap subsetted</msg>
<msg timestamp="20230412 22:46:32.387" level="INFO">loca subsetting not needed</msg>
<msg timestamp="20230412 22:46:32.387" level="INFO">post subsetted</msg>
<msg timestamp="20230412 22:46:32.387" level="INFO">name subsetting not needed</msg>
<msg timestamp="20230412 22:46:32.387" level="INFO">glyf subsetted</msg>
<msg timestamp="20230412 22:46:32.387" level="INFO">head pruned</msg>
<msg timestamp="20230412 22:46:32.394" level="INFO">OS/2 Unicode ranges pruned: [0]</msg>
<msg timestamp="20230412 22:46:32.394" level="INFO">glyf pruned</msg>
<msg timestamp="20230412 22:46:32.425" level="INFO">['uni0020', 'uni0030', 'uni0031', 'uni0032', 'uni0033', 'uni0034', 'uni0035', 'uni0036', 'uni0037', 'uni0038', 'uni0039', 'uni0062', 'uni006E', 'uni007B', 'uni007D', 'uni0052', 'uni0065', 'uni0063', 'uni0069', 'uni0070', 'uni0074', 'uni002D', 'uni0054', 'uni003A', 'uni002E', 'uni005A', 'uni0053', 'uni0042', 'uni004F', 'uni0044', 'uni0045', 'uni004E', 'uni004B', 'uni004D', 'uni0055', 'uni0041', 'uni0064', 'uni0072', 'uni0073', 'uni0048', 'uni0061', 'uni006F', 'uni0079', 'uni004C', 'uni0067', 'uni0068', 'uni006B', 'uni0075', 'uni0066', 'uni0021', 'uni0057', 'uni0077', 'uni006C', 'uni0059', 'uni0076', 'uni006D']
['uni0020', 'uni0030', 'uni0031', 'uni0032', 'uni0033', 'uni0034', 'uni0035', 'uni0036', 'uni0037', 'uni0038', 'uni0039', 'uni0062', 'uni006E', 'uni007B', 'uni007D']
['uni0020', 'uni0030', 'uni0031', 'uni0032', 'uni0033', 'uni0034', 'uni0035', 'uni0036', 'uni0037', 'uni0038', 'uni0039', 'uni0062', 'uni006E', 'uni007B', 'uni007D']
['uni0020', 'uni0030', 'uni0031', 'uni0032', 'uni0033', 'uni0034', 'uni0035', 'uni0036', 'uni0037', 'uni0038', 'uni0039', 'uni0062', 'uni006E', 'uni007B', 'uni007D']</msg>
<status status="PASS" starttime="20230412 22:46:31.684" endtime="20230412 22:46:32.426"/>
</kw>
<return>
<value>${receipt_dir}${/}${row}[Order number].pdf</value>
<status status="PASS" starttime="20230412 22:46:32.428" endtime="20230412 22:46:32.430"/>
</return>
<msg timestamp="20230412 22:46:32.430" level="INFO">${pdf} = c:\Users\sbarrague\Desktop\Escritorio\Robocorp Level 2\output\orders\1.pdf</msg>
<status status="PASS" starttime="20230412 22:46:31.652" endtime="20230412 22:46:32.430"/>
</kw>
<kw name="Take a screenshot of the robot">
<var>${screenshot}</var>
<arg>${row}</arg>
<kw name="Capture Element Screenshot" library="RPA.Browser.Selenium">
<arg>robot-preview-image</arg>
<arg>${screenshot_dir}${/}${row}[Order number].png</arg>
<doc>Captures a screenshot from the element identified by ``locator`` and embeds it into log file.</doc>
<msg timestamp="20230412 22:46:32.578" level="INFO" html="true">&lt;/td&gt;&lt;/tr&gt;&lt;tr&gt;&lt;td colspan="3"&gt;&lt;a href="file:///C:/Users/sbarrague/Desktop/Escritorio/Robocorp%20Level%202/output/screenshots/1.png"&gt;&lt;img src="file:///C:/Users/sbarrague/Desktop/Escritorio/Robocorp%20Level%202/output/screenshots/1.png" width="400px"&gt;&lt;/a&gt;</msg>
<status status="PASS" starttime="20230412 22:46:32.430" endtime="20230412 22:46:32.578"/>
</kw>
<return>
<value>${screenshot_dir}${/}${row}[Order number].png</value>
<status status="PASS" starttime="20230412 22:46:32.578" endtime="20230412 22:46:32.578"/>
</return>
<msg timestamp="20230412 22:46:32.578" level="INFO">${screenshot} = c:\Users\sbarrague\Desktop\Escritorio\Robocorp Level 2\output\screenshots\1.png</msg>
<status status="PASS" starttime="20230412 22:46:32.430" endtime="20230412 22:46:32.578"/>
</kw>
<kw name="Wait Until Created" library="OperatingSystem">
<arg>${pdf}</arg>
<arg>timeout=10s</arg>
<doc>Waits until the given file or directory is created.</doc>
<msg timestamp="20230412 22:46:32.578" level="INFO" html="true">'&lt;a href="file://c:\Users\sbarrague\Desktop\Escritorio\Robocorp Level 2\output\orders\1.pdf"&gt;c:\Users\sbarrague\Desktop\Escritorio\Robocorp Level 2\output\orders\1.pdf&lt;/a&gt;' was created.</msg>
<status status="PASS" starttime="20230412 22:46:32.578" endtime="20230412 22:46:32.578"/>
</kw>
<kw name="Open Pdf" library="RPA.PDF">
<arg>${pdf}</arg>
<doc>Open a PDF document for reading.</doc>
<status status="PASS" starttime="20230412 22:46:32.586" endtime="20230412 22:46:32.595"/>
</kw>
<kw name="Create List" library="BuiltIn">
<var>${files}</var>
<arg>${screenshot}</arg>
<doc>Returns a list containing given items.</doc>
<msg timestamp="20230412 22:46:32.595" level="INFO">${files} = ['c:\\Users\\sbarrague\\Desktop\\Escritorio\\Robocorp Level 2\\output\\screenshots\\1.png']</msg>
<status status="PASS" starttime="20230412 22:46:32.595" endtime="20230412 22:46:32.595"/>
</kw>
<kw name="Add Files To Pdf" library="RPA.PDF">
<arg>${files}</arg>
<arg>${pdf}</arg>
<arg>append=True</arg>
<doc>Add images and/or pdfs to new PDF document.</doc>
<msg timestamp="20230412 22:46:32.608" level="INFO">Adding page: 0</msg>
<msg timestamp="20230412 22:46:32.617" level="WARN">Object 7 0 found</msg>
<msg timestamp="20230412 22:46:32.689" level="WARN">Overwriting cache for 0 7</msg>
<msg timestamp="20230412 22:46:32.691" level="WARN">Object 14 0 found</msg>
<msg timestamp="20230412 22:46:32.691" level="WARN">Overwriting cache for 0 14</msg>
<msg timestamp="20230412 22:46:32.699" level="WARN">Object 21 0 found</msg>
<msg timestamp="20230412 22:46:32.704" level="WARN">Overwriting cache for 0 21</msg>
<msg timestamp="20230412 22:46:32.716" level="WARN">Object 28 0 found</msg>
<msg timestamp="20230412 22:46:32.721" level="WARN">Overwriting cache for 0 28</msg>
<msg timestamp="20230412 22:46:32.731" level="INFO">File c:\Users\sbarrague\Desktop\Escritorio\Robocorp Level 2\output\screenshots\1.png type: png</msg>
<msg timestamp="20230412 22:46:32.731" level="INFO">Image parameters: {}</msg>
<status status="PASS" starttime="20230412 22:46:32.595" endtime="20230412 22:46:32.886"/>
</kw>
<status status="PASS" starttime="20230412 22:46:31.652" endtime="20230412 22:46:32.894"/>
</kw>
<kw name="Order another robot">
<kw name="Click Button" library="RPA.Browser.Selenium">
<arg>order-another</arg>
<doc>Clicks the button identified by ``locator``.</doc>
<msg timestamp="20230412 22:46:32.894" level="INFO">Clicking button 'order-another'.</msg>
<status status="PASS" starttime="20230412 22:46:32.894" endtime="20230412 22:46:33.140"/>
</kw>
<status status="PASS" starttime="20230412 22:46:32.894" endtime="20230412 22:46:33.140"/>
</kw>
<status status="PASS" starttime="20230412 22:46:30.714" endtime="20230412 22:46:33.142"/>
</iter>
<iter>
<var name="${row}">{'Order number': '2', 'Head': '4', 'Body': '1', 'Legs': '5', 'Address': 'Address 456'}</var>
<kw name="Close the annoying modal">
<kw name="Wait Until Page Contains Element" library="RPA.Browser.Selenium">
<arg>css:.btn.btn-dark</arg>
<doc>Waits until the element ``locator`` appears on the current page.</doc>
<status status="PASS" starttime="20230412 22:46:33.146" endtime="20230412 22:46:33.159"/>
</kw>
<kw name="Click Button" library="RPA.Browser.Selenium">
<arg>css:.btn.btn-dark</arg>
<doc>Clicks the button identified by ``locator``.</doc>
<msg timestamp="20230412 22:46:33.160" level="INFO">Clicking button 'css:.btn.btn-dark'.</msg>
<status status="PASS" starttime="20230412 22:46:33.160" endtime="20230412 22:46:33.227"/>
</kw>
<status status="PASS" starttime="20230412 22:46:33.146" endtime="20230412 22:46:33.227"/>
</kw>
<kw name="Fill the form">
<arg>${row}</arg>
<kw name="Select From List By Value" library="RPA.Browser.Selenium">
<arg>head</arg>
<arg>${row}[Head]</arg>
<doc>Selects options from selection list ``locator`` by ``values``.</doc>
<msg timestamp="20230412 22:46:33.227" level="INFO">Selecting options from selection list 'head' by value 4.</msg>
<status status="PASS" starttime="20230412 22:46:33.227" endtime="20230412 22:46:33.335"/>
</kw>
<kw name="Select Radio Button" library="RPA.Browser.Selenium">
<arg>body</arg>
<arg>${row}[Body]</arg>
<doc>Sets the radio button group ``group_name`` to ``value``.</doc>
<msg timestamp="20230412 22:46:33.335" level="INFO">Selecting '1' from radio button 'body'.</msg>
<status status="PASS" starttime="20230412 22:46:33.335" endtime="20230412 22:46:33.417"/>
</kw>
<kw name="Input Text" library="RPA.Browser.Selenium">
<arg>css:.form-control</arg>
<arg>${row}[Legs]</arg>
<doc>Types the given ``text`` into the text field identified by ``locator``.</doc>
<msg timestamp="20230412 22:46:33.417" level="INFO">Typing text '5' into text field 'css:.form-control'.</msg>
<status status="PASS" starttime="20230412 22:46:33.417" endtime="20230412 22:46:33.526"/>
</kw>
<kw name="Input Text" library="RPA.Browser.Selenium">
<arg>address</arg>
<arg>${row}[Address]</arg>
<doc>Types the given ``text`` into the text field identified by ``locator``.</doc>
<msg timestamp="20230412 22:46:33.529" level="INFO">Typing text 'Address 456' into text field 'address'.</msg>
<status status="PASS" starttime="20230412 22:46:33.529" endtime="20230412 22:46:33.650"/>
</kw>
<kw name="Click Button" library="RPA.Browser.Selenium">
<arg>preview</arg>
<doc>Clicks the button identified by ``locator``.</doc>
<msg timestamp="20230412 22:46:33.650" level="INFO">Clicking button 'preview'.</msg>
<status status="PASS" starttime="20230412 22:46:33.650" endtime="20230412 22:46:33.733"/>
</kw>
<kw name="Is Element Visible" library="RPA.Browser.Selenium">
<var>${res}</var>
<arg>order-another</arg>
<doc>Is element visible</doc>
<msg timestamp="20230412 22:46:33.743" level="INFO" html="true">Ran with keyword &lt;b&gt;Element Should Be Visible&lt;/b&gt; which returned error: &lt;i&gt;Element with locator 'order-another' not found.&lt;/i&gt;</msg>
<msg timestamp="20230412 22:46:33.743" level="INFO">${res} = False</msg>
<status status="PASS" starttime="20230412 22:46:33.733" endtime="20230412 22:46:33.743"/>
</kw>
<while condition="${res} == $False">
<iter>
<kw name="Wait Until Page Contains Element" library="RPA.Browser.Selenium">
<arg>order</arg>
<doc>Waits until the element ``locator`` appears on the current page.</doc>
<status status="PASS" starttime="20230412 22:46:33.751" endtime="20230412 22:46:33.765"/>
</kw>
<kw name="Click Button" library="RPA.Browser.Selenium">
<arg>order</arg>
<doc>Clicks the button identified by ``locator``.</doc>
<msg timestamp="20230412 22:46:33.765" level="INFO">Clicking button 'order'.</msg>
<status status="PASS" starttime="20230412 22:46:33.765" endtime="20230412 22:46:33.825"/>
</kw>
<kw name="Is Element Visible" library="RPA.Browser.Selenium">
<var>${res}</var>
<arg>order-another</arg>
<doc>Is element visible</doc>
<msg timestamp="20230412 22:46:33.854" level="INFO">Element 'order-another' is displayed.</msg>
<msg timestamp="20230412 22:46:33.854" level="INFO">${res} = True</msg>
<status status="PASS" starttime="20230412 22:46:33.825" endtime="20230412 22:46:33.854"/>
</kw>
<status status="PASS" starttime="20230412 22:46:33.743" endtime="20230412 22:46:33.858"/>
</iter>
<status status="PASS" starttime="20230412 22:46:33.743" endtime="20230412 22:46:33.860"/>
</while>
<status status="PASS" starttime="20230412 22:46:33.227" endtime="20230412 22:46:33.861"/>
</kw>
<kw name="Download and store receipt">
<arg>${row}</arg>
<kw name="Store the receipt as a PDF file">
<var>${pdf}</var>
<arg>${row}</arg>
<kw name="Get Element Attribute" library="RPA.Browser.Selenium">
<var>${order_results_html}</var>
<arg>id:order-completion</arg>
<arg>outerHTML</arg>
<doc>Returns the value of ``attribute`` from the element ``locator``.</doc>
<msg timestamp="20230412 22:46:33.893" level="INFO">${order_results_html} = &lt;div id="order-completion"&gt;&lt;div id="receipt" class="alert alert-success" role="alert"&gt;&lt;h3&gt;Receipt&lt;/h3&gt;&lt;div&gt;2023-04-13T01:46:33.823Z&lt;/div&gt;&lt;p class="badge badge-success"&gt;RSB-ROBO-ORDER-LV91JLLM49&lt;/p&gt;&lt;p&gt;...</msg>
<status status="PASS" starttime="20230412 22:46:33.864" endtime="20230412 22:46:33.893"/>
</kw>
<kw name="Html To Pdf" library="RPA.PDF">
<arg>${order_results_html}</arg>
<arg>${receipt_dir}${/}${row}[Order number].pdf</arg>
<doc>Generate a PDF file from HTML content.</doc>
<msg timestamp="20230412 22:46:33.901" level="INFO">Writing output to file C:\Users\sbarrague\Desktop\Escritorio\Robocorp Level 2\output\orders\2.pdf</msg>
<msg timestamp="20230412 22:46:34.150" level="INFO">maxp pruned</msg>
<msg timestamp="20230412 22:46:34.150" level="INFO">cmap pruned</msg>
<msg timestamp="20230412 22:46:34.150" level="INFO">post pruned</msg>
<msg timestamp="20230412 22:46:34.150" level="INFO">GDEF dropped</msg>
<msg timestamp="20230412 22:46:34.150" level="INFO">GPOS dropped</msg>
<msg timestamp="20230412 22:46:34.158" level="INFO">GSUB dropped</msg>
<msg timestamp="20230412 22:46:34.159" level="INFO">name pruned</msg>
<msg timestamp="20230412 22:46:34.167" level="INFO">glyf pruned</msg>
<msg timestamp="20230412 22:46:34.167" level="INFO">Added gid0 to subset</msg>
<msg timestamp="20230412 22:46:34.167" level="INFO">Added first four glyphs to subset</msg>
<msg timestamp="20230412 22:46:34.175" level="INFO">Closing glyph list over 'glyf': 58 glyphs before</msg>
<msg timestamp="20230412 22:46:34.175" level="INFO">Glyph names: ['.notdef', '.null', 'uni0020', 'uni0021', 'uni002D', 'uni002E', 'uni0030', 'uni0031', 'uni0032', 'uni0033', 'uni0034', 'uni0035', 'uni0036', 'uni0037', 'uni0038', 'uni0039', 'uni003A', 'uni0041', 'uni0042', 'uni0044', 'uni0045', 'uni0048', 'uni004A', 'uni004C', 'uni004D', 'uni004F', 'uni0052', 'uni0053', 'uni0054', 'uni0056', 'uni0057', 'uni0059', 'uni005A', 'uni0061', 'uni0062', 'uni0063', 'uni0064', 'uni0065', 'uni0066', 'uni0067', 'uni0068', 'uni0069', 'uni006B', 'uni006C', 'uni006D', 'uni006E', 'uni006F', 'uni0070', 'uni0072', 'uni0073', 'uni0074', 'uni0075', 'uni0076', 'uni0077', 'uni0079', 'uni007B', 'uni007D', 'uni00C4']</msg>
<msg timestamp="20230412 22:46:34.175" level="INFO">Glyph IDs:   [0, 1, 2, 3, 65, 84, 95, 161, 265, 280, 291, 320, 382, 395, 409, 453, 456, 469, 493, 504, 575, 582, 594, 612, 645, 650, 660, 679, 715, 723, 752, 759, 775, 827, 837, 867, 884, 899, 932, 936, 950, 1294, 1295, 1296, 1298, 1299, 1300, 1302, 1303, 1304, 1305, 1329, 1345, 1346, 1361, 1404, 1407, 1681]</msg>
<msg timestamp="20230412 22:46:34.175" level="INFO">Closed glyph list over 'glyf': 58 glyphs after</msg>
<msg timestamp="20230412 22:46:34.175" level="INFO">Glyph names: ['.notdef', '.null', 'uni0020', 'uni0021', 'uni002D', 'uni002E', 'uni0030', 'uni0031', 'uni0032', 'uni0033', 'uni0034', 'uni0035', 'uni0036', 'uni0037', 'uni0038', 'uni0039', 'uni003A', 'uni0041', 'uni0042', 'uni0044', 'uni0045', 'uni0048', 'uni004A', 'uni004C', 'uni004D', 'uni004F', 'uni0052', 'uni0053', 'uni0054', 'uni0056', 'uni0057', 'uni0059', 'uni005A', 'uni0061', 'uni0062', 'uni0063', 'uni0064', 'uni0065', 'uni0066', 'uni0067', 'uni0068', 'uni0069', 'uni006B', 'uni006C', 'uni006D', 'uni006E', 'uni006F', 'uni0070', 'uni0072', 'uni0073', 'uni0074', 'uni0075', 'uni0076', 'uni0077', 'uni0079', 'uni007B', 'uni007D', 'uni00C4']</msg>
<msg timestamp="20230412 22:46:34.179" level="INFO">Glyph IDs:   [0, 1, 2, 3, 65, 84, 95, 161, 265, 280, 291, 320, 382, 395, 409, 453, 456, 469, 493, 504, 575, 582, 594, 612, 645, 650, 660, 679, 715, 723, 752, 759, 775, 827, 837, 867, 884, 899, 932, 936, 950, 1294, 1295, 1296, 1298, 1299, 1300, 1302, 1303, 1304, 1305, 1329, 1345, 1346, 1361, 1404, 1407, 1681]</msg>
<msg timestamp="20230412 22:46:34.179" level="INFO">Retaining 58 glyphs</msg>
<msg timestamp="20230412 22:46:34.179" level="INFO">head subsetting not needed</msg>
<msg timestamp="20230412 22:46:34.179" level="INFO">hhea subsetting not needed</msg>
<msg timestamp="20230412 22:46:34.179" level="INFO">maxp subsetting not needed</msg>
<msg timestamp="20230412 22:46:34.179" level="INFO">OS/2 subsetting not needed</msg>
<msg timestamp="20230412 22:46:34.187" level="INFO">hmtx subsetted</msg>
<msg timestamp="20230412 22:46:34.191" level="INFO">cmap subsetted</msg>
<msg timestamp="20230412 22:46:34.191" level="INFO">prep subsetting not needed</msg>
<msg timestamp="20230412 22:46:34.191" level="INFO">loca subsetting not needed</msg>
<msg timestamp="20230412 22:46:34.191" level="INFO">post subsetted</msg>
<msg timestamp="20230412 22:46:34.191" level="INFO">gasp subsetting not needed</msg>
<msg timestamp="20230412 22:46:34.191" level="INFO">STAT subsetting not needed</msg>
<msg timestamp="20230412 22:46:34.191" level="INFO">name subsetting not needed</msg>
<msg timestamp="20230412 22:46:34.191" level="INFO">glyf subsetted</msg>
<msg timestamp="20230412 22:46:34.191" level="INFO">head pruned</msg>
<msg timestamp="20230412 22:46:34.200" level="INFO">OS/2 Unicode ranges pruned: [0]</msg>
<msg timestamp="20230412 22:46:34.200" level="INFO">glyf pruned</msg>
<msg timestamp="20230412 22:46:34.287" level="INFO">maxp pruned</msg>
<msg timestamp="20230412 22:46:34.288" level="INFO">cmap pruned</msg>
<msg timestamp="20230412 22:46:34.288" level="INFO">post pruned</msg>
<msg timestamp="20230412 22:46:34.288" level="INFO">GDEF dropped</msg>
<msg timestamp="20230412 22:46:34.288" level="INFO">GPOS dropped</msg>
<msg timestamp="20230412 22:46:34.288" level="INFO">GSUB dropped</msg>
<msg timestamp="20230412 22:46:34.297" level="INFO">name pruned</msg>
<msg timestamp="20230412 22:46:34.327" level="INFO">glyf pruned</msg>
<msg timestamp="20230412 22:46:34.336" level="INFO">Added gid0 to subset</msg>
<msg timestamp="20230412 22:46:34.336" level="INFO">Added first four glyphs to subset</msg>
<msg timestamp="20230412 22:46:34.336" level="INFO">Closing glyph list over 'glyf': 19 glyphs before</msg>
<msg timestamp="20230412 22:46:34.336" level="INFO">Glyph names: ['.notdef', '.null', 'uni0020', 'uni0030', 'uni0031', 'uni0032', 'uni0033', 'uni0034', 'uni0035', 'uni0036', 'uni0037', 'uni0038', 'uni0039', 'uni0041', 'uni0062', 'uni006E', 'uni007B', 'uni007D', 'uni00C4']</msg>
<msg timestamp="20230412 22:46:34.336" level="INFO">Glyph IDs:   [0, 1, 2, 3, 575, 759, 1294, 1295, 1296, 1298, 1299, 1300, 1302, 1303, 1304, 1305, 1345, 1346, 1681]</msg>
<msg timestamp="20230412 22:46:34.336" level="INFO">Closed glyph list over 'glyf': 19 glyphs after</msg>
<msg timestamp="20230412 22:46:34.344" level="INFO">Glyph names: ['.notdef', '.null', 'uni0020', 'uni0030', 'uni0031', 'uni0032', 'uni0033', 'uni0034', 'uni0035', 'uni0036', 'uni0037', 'uni0038', 'uni0039', 'uni0041', 'uni0062', 'uni006E', 'uni007B', 'uni007D', 'uni00C4']</msg>
<msg timestamp="20230412 22:46:34.344" level="INFO">Glyph IDs:   [0, 1, 2, 3, 575, 759, 1294, 1295, 1296, 1298, 1299, 1300, 1302, 1303, 1304, 1305, 1345, 1346, 1681]</msg>
<msg timestamp="20230412 22:46:34.344" level="INFO">Retaining 19 glyphs</msg>
<msg timestamp="20230412 22:46:34.348" level="INFO">head subsetting not needed</msg>
<msg timestamp="20230412 22:46:34.348" level="INFO">hhea subsetting not needed</msg>
<msg timestamp="20230412 22:46:34.348" level="INFO">maxp subsetting not needed</msg>
<msg timestamp="20230412 22:46:34.348" level="INFO">OS/2 subsetting not needed</msg>
<msg timestamp="20230412 22:46:34.361" level="INFO">hmtx subsetted</msg>
<msg timestamp="20230412 22:46:34.361" level="INFO">cmap subsetted</msg>
<msg timestamp="20230412 22:46:34.361" level="INFO">prep subsetting not needed</msg>
<msg timestamp="20230412 22:46:34.361" level="INFO">loca subsetting not needed</msg>
<msg timestamp="20230412 22:46:34.370" level="INFO">post subsetted</msg>
<msg timestamp="20230412 22:46:34.370" level="INFO">gasp subsetting not needed</msg>
<msg timestamp="20230412 22:46:34.371" level="INFO">STAT subsetting not needed</msg>
<msg timestamp="20230412 22:46:34.372" level="INFO">name subsetting not needed</msg>
<msg timestamp="20230412 22:46:34.372" level="INFO">glyf subsetted</msg>
<msg timestamp="20230412 22:46:34.372" level="INFO">head pruned</msg>
<msg timestamp="20230412 22:46:34.372" level="INFO">OS/2 Unicode ranges pruned: [0]</msg>
<msg timestamp="20230412 22:46:34.372" level="INFO">glyf pruned</msg>
<msg timestamp="20230412 22:46:34.425" level="INFO">maxp pruned</msg>
<msg timestamp="20230412 22:46:34.425" level="INFO">cmap pruned</msg>
<msg timestamp="20230412 22:46:34.434" level="INFO">post pruned</msg>
<msg timestamp="20230412 22:46:34.434" level="INFO">GDEF dropped</msg>
<msg timestamp="20230412 22:46:34.434" level="INFO">GPOS dropped</msg>
<msg timestamp="20230412 22:46:34.434" level="INFO">GSUB dropped</msg>
<msg timestamp="20230412 22:46:34.434" level="INFO">name pruned</msg>
<msg timestamp="20230412 22:46:34.446" level="INFO">glyf pruned</msg>
<msg timestamp="20230412 22:46:34.446" level="INFO">Added gid0 to subset</msg>
<msg timestamp="20230412 22:46:34.446" level="INFO">Added first four glyphs to subset</msg>
<msg timestamp="20230412 22:46:34.454" level="INFO">Closing glyph list over 'glyf': 18 glyphs before</msg>
<msg timestamp="20230412 22:46:34.454" level="INFO">Glyph names: ['.notdef', '.null', 'uni0020', 'uni0030', 'uni0031', 'uni0032', 'uni0033', 'uni0034', 'uni0035', 'uni0036', 'uni0037', 'uni0038', 'uni0039', 'uni0062', 'uni006E', 'uni007B', 'uni007D', 'uni00A0']</msg>
<msg timestamp="20230412 22:46:34.454" level="INFO">Glyph IDs:   [0, 1, 2, 3, 544, 727, 1256, 1257, 1258, 1260, 1261, 1262, 1264, 1265, 1266, 1267, 1307, 1308]</msg>
<msg timestamp="20230412 22:46:34.454" level="INFO">Closed glyph list over 'glyf': 18 glyphs after</msg>
<msg timestamp="20230412 22:46:34.454" level="INFO">Glyph names: ['.notdef', '.null', 'uni0020', 'uni0030', 'uni0031', 'uni0032', 'uni0033', 'uni0034', 'uni0035', 'uni0036', 'uni0037', 'uni0038', 'uni0039', 'uni0062', 'uni006E', 'uni007B', 'uni007D', 'uni00A0']</msg>
<msg timestamp="20230412 22:46:34.454" level="INFO">Glyph IDs:   [0, 1, 2, 3, 544, 727, 1256, 1257, 1258, 1260, 1261, 1262, 1264, 1265, 1266, 1267, 1307, 1308]</msg>
<msg timestamp="20230412 22:46:34.454" level="INFO">Retaining 18 glyphs</msg>
<msg timestamp="20230412 22:46:34.454" level="INFO">head subsetting not needed</msg>
<msg timestamp="20230412 22:46:34.454" level="INFO">hhea subsetting not needed</msg>
<msg timestamp="20230412 22:46:34.454" level="INFO">maxp subsetting not needed</msg>
<msg timestamp="20230412 22:46:34.454" level="INFO">OS/2 subsetting not needed</msg>
<msg timestamp="20230412 22:46:34.462" level="INFO">hmtx subsetted</msg>
<msg timestamp="20230412 22:46:34.462" level="INFO">cmap subsetted</msg>
<msg timestamp="20230412 22:46:34.462" level="INFO">loca subsetting not needed</msg>
<msg timestamp="20230412 22:46:34.462" level="INFO">post subsetted</msg>
<msg timestamp="20230412 22:46:34.462" level="INFO">name subsetting not needed</msg>
<msg timestamp="20230412 22:46:34.462" level="INFO">glyf subsetted</msg>
<msg timestamp="20230412 22:46:34.462" level="INFO">head pruned</msg>
<msg timestamp="20230412 22:46:34.471" level="INFO">OS/2 Unicode ranges pruned: [0]</msg>
<msg timestamp="20230412 22:46:34.471" level="INFO">glyf pruned</msg>
<msg timestamp="20230412 22:46:34.518" level="INFO">maxp pruned</msg>
<msg timestamp="20230412 22:46:34.518" level="INFO">cmap pruned</msg>
<msg timestamp="20230412 22:46:34.518" level="INFO">post pruned</msg>
<msg timestamp="20230412 22:46:34.518" level="INFO">GDEF dropped</msg>
<msg timestamp="20230412 22:46:34.518" level="INFO">GPOS dropped</msg>
<msg timestamp="20230412 22:46:34.518" level="INFO">GSUB dropped</msg>
<msg timestamp="20230412 22:46:34.518" level="INFO">name pruned</msg>
<msg timestamp="20230412 22:46:34.525" level="INFO">glyf pruned</msg>
<msg timestamp="20230412 22:46:34.533" level="INFO">Added gid0 to subset</msg>
<msg timestamp="20230412 22:46:34.533" level="INFO">Added first four glyphs to subset</msg>
<msg timestamp="20230412 22:46:34.533" level="INFO">Closing glyph list over 'glyf': 18 glyphs before</msg>
<msg timestamp="20230412 22:46:34.533" level="INFO">Glyph names: ['.notdef', '.null', 'uni0020', 'uni0030', 'uni0031', 'uni0032', 'uni0033', 'uni0034', 'uni0035', 'uni0036', 'uni0037', 'uni0038', 'uni0039', 'uni0062', 'uni006E', 'uni007B', 'uni007D', 'uni00A0']</msg>
<msg timestamp="20230412 22:46:34.533" level="INFO">Glyph IDs:   [0, 1, 2, 3, 544, 727, 1256, 1257, 1258, 1260, 1261, 1262, 1264, 1265, 1266, 1267, 1307, 1308]</msg>
<msg timestamp="20230412 22:46:34.533" level="INFO">Closed glyph list over 'glyf': 18 glyphs after</msg>
<msg timestamp="20230412 22:46:34.533" level="INFO">Glyph names: ['.notdef', '.null', 'uni0020', 'uni0030', 'uni0031', 'uni0032', 'uni0033', 'uni0034', 'uni0035', 'uni0036', 'uni0037', 'uni0038', 'uni0039', 'uni0062', 'uni006E', 'uni007B', 'uni007D', 'uni00A0']</msg>
<msg timestamp="20230412 22:46:34.542" level="INFO">Glyph IDs:   [0, 1, 2, 3, 544, 727, 1256, 1257, 1258, 1260, 1261, 1262, 1264, 1265, 1266, 1267, 1307, 1308]</msg>
<msg timestamp="20230412 22:46:34.542" level="INFO">Retaining 18 glyphs</msg>
<msg timestamp="20230412 22:46:34.542" level="INFO">head subsetting not needed</msg>
<msg timestamp="20230412 22:46:34.542" level="INFO">hhea subsetting not needed</msg>
<msg timestamp="20230412 22:46:34.542" level="INFO">maxp subsetting not needed</msg>
<msg timestamp="20230412 22:46:34.542" level="INFO">OS/2 subsetting not needed</msg>
<msg timestamp="20230412 22:46:34.542" level="INFO">hmtx subsetted</msg>
<msg timestamp="20230412 22:46:34.550" level="INFO">cmap subsetted</msg>
<msg timestamp="20230412 22:46:34.550" level="INFO">loca subsetting not needed</msg>
<msg timestamp="20230412 22:46:34.550" level="INFO">post subsetted</msg>
<msg timestamp="20230412 22:46:34.550" level="INFO">name subsetting not needed</msg>
<msg timestamp="20230412 22:46:34.550" level="INFO">glyf subsetted</msg>
<msg timestamp="20230412 22:46:34.550" level="INFO">head pruned</msg>
<msg timestamp="20230412 22:46:34.559" level="INFO">OS/2 Unicode ranges pruned: [0]</msg>
<msg timestamp="20230412 22:46:34.559" level="INFO">glyf pruned</msg>
<msg timestamp="20230412 22:46:34.592" level="INFO">['uni0020', 'uni0030', 'uni0031', 'uni0032', 'uni0033', 'uni0034', 'uni0035', 'uni0036', 'uni0037', 'uni0038', 'uni0039', 'uni0062', 'uni006E', 'uni007B', 'uni007D', 'uni0052', 'uni0065', 'uni0063', 'uni0069', 'uni0070', 'uni0074', 'uni002D', 'uni0054', 'uni003A', 'uni002E', 'uni005A', 'uni0053', 'uni0042', 'uni004F', 'uni0044', 'uni0045', 'uni004C', 'uni0056', 'uni004A', 'uni004D', 'uni0041', 'uni0064', 'uni0072', 'uni0073', 'uni0048', 'uni0061', 'uni006F', 'uni0079', 'uni0067', 'uni0068', 'uni006B', 'uni0075', 'uni0066', 'uni0021', 'uni0057', 'uni0077', 'uni006C', 'uni0059', 'uni0076', 'uni006D']
['uni0020', 'uni0030', 'uni0031', 'uni0032', 'uni0033', 'uni0034', 'uni0035', 'uni0036', 'uni0037', 'uni0038', 'uni0039', 'uni0062', 'uni006E', 'uni007B', 'uni007D']
['uni0020', 'uni0030', 'uni0031', 'uni0032', 'uni0033', 'uni0034', 'uni0035', 'uni0036', 'uni0037', 'uni0038', 'uni0039', 'uni0062', 'uni006E', 'uni007B', 'uni007D']
['uni0020', 'uni0030', 'uni0031', 'uni0032', 'uni0033', 'uni0034', 'uni0035', 'uni0036', 'uni0037', 'uni0038', 'uni0039', 'uni0062', 'uni006E', 'uni007B', 'uni007D']</msg>
<status status="PASS" starttime="20230412 22:46:33.893" endtime="20230412 22:46:34.594"/>
</kw>
<return>
<value>${receipt_dir}${/}${row}[Order number].pdf</value>
<status status="PASS" starttime="20230412 22:46:34.594" endtime="20230412 22:46:34.594"/>
</return>
<msg timestamp="20230412 22:46:34.594" level="INFO">${pdf} = c:\Users\sbarrague\Desktop\Escritorio\Robocorp Level 2\output\orders\2.pdf</msg>
<status status="PASS" starttime="20230412 22:46:33.861" endtime="20230412 22:46:34.594"/>
</kw>
<kw name="Take a screenshot of the robot">
<var>${screenshot}</var>
<arg>${row}</arg>
<kw name="Capture Element Screenshot" library="RPA.Browser.Selenium">
<arg>robot-preview-image</arg>
<arg>${screenshot_dir}${/}${row}[Order number].png</arg>
<doc>Captures a screenshot from the element identified by ``locator`` and embeds it into log file.</doc>
<msg timestamp="20230412 22:46:34.766" level="INFO" html="true">&lt;/td&gt;&lt;/tr&gt;&lt;tr&gt;&lt;td colspan="3"&gt;&lt;a href="file:///C:/Users/sbarrague/Desktop/Escritorio/Robocorp%20Level%202/output/screenshots/2.png"&gt;&lt;img src="file:///C:/Users/sbarrague/Desktop/Escritorio/Robocorp%20Level%202/output/screenshots/2.png" width="400px"&gt;&lt;/a&gt;</msg>
<status status="PASS" starttime="20230412 22:46:34.594" endtime="20230412 22:46:34.766"/>
</kw>
<return>
<value>${screenshot_dir}${/}${row}[Order number].png</value>
<status status="PASS" starttime="20230412 22:46:34.766" endtime="20230412 22:46:34.766"/>
</return>
<msg timestamp="20230412 22:46:34.775" level="INFO">${screenshot} = c:\Users\sbarrague\Desktop\Escritorio\Robocorp Level 2\output\screenshots\2.png</msg>
<status status="PASS" starttime="20230412 22:46:34.594" endtime="20230412 22:46:34.775"/>
</kw>
<kw name="Wait Until Created" library="OperatingSystem">
<arg>${pdf}</arg>
<arg>timeout=10s</arg>
<doc>Waits until the given file or directory is created.</doc>
<msg timestamp="20230412 22:46:34.779" level="INFO" html="true">'&lt;a href="file://c:\Users\sbarrague\Desktop\Escritorio\Robocorp Level 2\output\orders\2.pdf"&gt;c:\Users\sbarrague\Desktop\Escritorio\Robocorp Level 2\output\orders\2.pdf&lt;/a&gt;' was created.</msg>
<status status="PASS" starttime="20230412 22:46:34.775" endtime="20230412 22:46:34.779"/>
</kw>
<kw name="Open Pdf" library="RPA.PDF">
<arg>${pdf}</arg>
<doc>Open a PDF document for reading.</doc>
<status status="PASS" starttime="20230412 22:46:34.779" endtime="20230412 22:46:34.791"/>
</kw>
<kw name="Create List" library="BuiltIn">
<var>${files}</var>
<arg>${screenshot}</arg>
<doc>Returns a list containing given items.</doc>
<msg timestamp="20230412 22:46:34.791" level="INFO">${files} = ['c:\\Users\\sbarrague\\Desktop\\Escritorio\\Robocorp Level 2\\output\\screenshots\\2.png']</msg>
<status status="PASS" starttime="20230412 22:46:34.791" endtime="20230412 22:46:34.791"/>
</kw>
<kw name="Add Files To Pdf" library="RPA.PDF">
<arg>${files}</arg>
<arg>${pdf}</arg>
<arg>append=True</arg>
<doc>Add images and/or pdfs to new PDF document.</doc>
<msg timestamp="20230412 22:46:34.800" level="INFO">Adding page: 0</msg>
<msg timestamp="20230412 22:46:34.800" level="WARN">Object 7 0 found</msg>
<msg timestamp="20230412 22:46:34.807" level="WARN">Overwriting cache for 0 7</msg>
<msg timestamp="20230412 22:46:34.813" level="WARN">Object 14 0 found</msg>
<msg timestamp="20230412 22:46:34.813" level="WARN">Overwriting cache for 0 14</msg>
<msg timestamp="20230412 22:46:34.820" level="WARN">Object 21 0 found</msg>
<msg timestamp="20230412 22:46:34.825" level="WARN">Overwriting cache for 0 21</msg>
<msg timestamp="20230412 22:46:34.829" level="WARN">Object 28 0 found</msg>
<msg timestamp="20230412 22:46:34.829" level="WARN">Overwriting cache for 0 28</msg>
<msg timestamp="20230412 22:46:34.843" level="INFO">File c:\Users\sbarrague\Desktop\Escritorio\Robocorp Level 2\output\screenshots\2.png type: png</msg>
<msg timestamp="20230412 22:46:34.843" level="INFO">Image parameters: {}</msg>
<status status="PASS" starttime="20230412 22:46:34.791" endtime="20230412 22:46:34.920"/>
</kw>
<status status="PASS" starttime="20230412 22:46:33.861" endtime="20230412 22:46:34.925"/>
</kw>
<kw name="Order another robot">
<kw name="Click Button" library="RPA.Browser.Selenium">
<arg>order-another</arg>
<doc>Clicks the button identified by ``locator``.</doc>
<msg timestamp="20230412 22:46:34.925" level="INFO">Clicking button 'order-another'.</msg>
<status status="PASS" starttime="20230412 22:46:34.925" endtime="20230412 22:46:35.202"/>
</kw>
<status status="PASS" starttime="20230412 22:46:34.925" endtime="20230412 22:46:35.203"/>
</kw>
<status status="PASS" starttime="20230412 22:46:33.143" endtime="20230412 22:46:35.204"/>
</iter>
<iter>
<var name="${row}">{'Order number': '3', 'Head': '6', 'Body': '2', 'Legs': '3', 'Address': 'Address 789'}</var>
<kw name="Close the annoying modal">
<kw name="Wait Until Page Contains Element" library="RPA.Browser.Selenium">
<arg>css:.btn.btn-dark</arg>
<doc>Waits until the element ``locator`` appears on the current page.</doc>
<status status="PASS" starttime="20230412 22:46:35.207" endtime="20230412 22:46:35.226"/>
</kw>
<kw name="Click Button" library="RPA.Browser.Selenium">
<arg>css:.btn.btn-dark</arg>
<doc>Clicks the button identified by ``locator``.</doc>
<msg timestamp="20230412 22:46:35.226" level="INFO">Clicking button 'css:.btn.btn-dark'.</msg>
<status status="PASS" starttime="20230412 22:46:35.226" endtime="20230412 22:46:35.342"/>
</kw>
<status status="PASS" starttime="20230412 22:46:35.204" endtime="20230412 22:46:35.342"/>
</kw>
<kw name="Fill the form">
<arg>${row}</arg>
<kw name="Select From List By Value" library="RPA.Browser.Selenium">
<arg>head</arg>
<arg>${row}[Head]</arg>
<doc>Selects options from selection list ``locator`` by ``values``.</doc>
<msg timestamp="20230412 22:46:35.342" level="INFO">Selecting options from selection list 'head' by value 6.</msg>
<status status="PASS" starttime="20230412 22:46:35.342" endtime="20230412 22:46:35.508"/>
</kw>
<kw name="Select Radio Button" library="RPA.Browser.Selenium">
<arg>body</arg>
<arg>${row}[Body]</arg>
<doc>Sets the radio button group ``group_name`` to ``value``.</doc>
<msg timestamp="20230412 22:46:35.516" level="INFO">Selecting '2' from radio button 'body'.</msg>
<status status="PASS" starttime="20230412 22:46:35.508" endtime="20230412 22:46:35.601"/>
</kw>
<kw name="Input Text" library="RPA.Browser.Selenium">
<arg>css:.form-control</arg>
<arg>${row}[Legs]</arg>
<doc>Types the given ``text`` into the text field identified by ``locator``.</doc>
<msg timestamp="20230412 22:46:35.608" level="INFO">Typing text '3' into text field 'css:.form-control'.</msg>
<status status="PASS" starttime="20230412 22:46:35.606" endtime="20230412 22:46:35.765"/>
</kw>
<kw name="Input Text" library="RPA.Browser.Selenium">
<arg>address</arg>
<arg>${row}[Address]</arg>
<doc>Types the given ``text`` into the text field identified by ``locator``.</doc>
<msg timestamp="20230412 22:46:35.773" level="INFO">Typing text 'Address 789' into text field 'address'.</msg>
<status status="PASS" starttime="20230412 22:46:35.765" endtime="20230412 22:46:35.974"/>
</kw>
<kw name="Click Button" library="RPA.Browser.Selenium">
<arg>preview</arg>
<doc>Clicks the button identified by ``locator``.</doc>
<msg timestamp="20230412 22:46:35.974" level="INFO">Clicking button 'preview'.</msg>
<status status="PASS" starttime="20230412 22:46:35.974" endtime="20230412 22:46:36.094"/>
</kw>
<kw name="Is Element Visible" library="RPA.Browser.Selenium">
<var>${res}</var>
<arg>order-another</arg>
<doc>Is element visible</doc>
<msg timestamp="20230412 22:46:36.108" level="INFO" html="true">Ran with keyword &lt;b&gt;Element Should Be Visible&lt;/b&gt; which returned error: &lt;i&gt;Element with locator 'order-another' not found.&lt;/i&gt;</msg>
<msg timestamp="20230412 22:46:36.108" level="INFO">${res} = False</msg>
<status status="PASS" starttime="20230412 22:46:36.094" endtime="20230412 22:46:36.108"/>
</kw>
<while condition="${res} == $False">
<iter>
<kw name="Wait Until Page Contains Element" library="RPA.Browser.Selenium">
<arg>order</arg>
<doc>Waits until the element ``locator`` appears on the current page.</doc>
<status status="PASS" starttime="20230412 22:46:36.116" endtime="20230412 22:46:36.128"/>
</kw>
<kw name="Click Button" library="RPA.Browser.Selenium">
<arg>order</arg>
<doc>Clicks the button identified by ``locator``.</doc>
<msg timestamp="20230412 22:46:36.128" level="INFO">Clicking button 'order'.</msg>
<status status="PASS" starttime="20230412 22:46:36.128" endtime="20230412 22:46:36.267"/>
</kw>
<kw name="Is Element Visible" library="RPA.Browser.Selenium">
<var>${res}</var>
<arg>order-another</arg>
<doc>Is element visible</doc>
<msg timestamp="20230412 22:46:36.311" level="INFO">Element 'order-another' is displayed.</msg>
<msg timestamp="20230412 22:46:36.311" level="INFO">${res} = True</msg>
<status status="PASS" starttime="20230412 22:46:36.267" endtime="20230412 22:46:36.311"/>
</kw>
<status status="PASS" starttime="20230412 22:46:36.108" endtime="20230412 22:46:36.311"/>
</iter>
<status status="PASS" starttime="20230412 22:46:36.108" endtime="20230412 22:46:36.311"/>
</while>
<status status="PASS" starttime="20230412 22:46:35.342" endtime="20230412 22:46:36.311"/>
</kw>
<kw name="Download and store receipt">
<arg>${row}</arg>
<kw name="Store the receipt as a PDF file">
<var>${pdf}</var>
<arg>${row}</arg>
<kw name="Get Element Attribute" library="RPA.Browser.Selenium">
<var>${order_results_html}</var>
<arg>id:order-completion</arg>
<arg>outerHTML</arg>
<doc>Returns the value of ``attribute`` from the element ``locator``.</doc>
<msg timestamp="20230412 22:46:36.422" level="INFO">${order_results_html} = &lt;div id="order-completion"&gt;&lt;div id="receipt" class="alert alert-success" role="alert"&gt;&lt;h3&gt;Receipt&lt;/h3&gt;&lt;div&gt;2023-04-13T01:46:36.255Z&lt;/div&gt;&lt;p class="badge badge-success"&gt;RSB-ROBO-ORDER-IRYKTOKPO&lt;/p&gt;&lt;p&gt;A...</msg>
<status status="PASS" starttime="20230412 22:46:36.319" endtime="20230412 22:46:36.423"/>
</kw>
<kw name="Html To Pdf" library="RPA.PDF">
<arg>${order_results_html}</arg>
<arg>${receipt_dir}${/}${row}[Order number].pdf</arg>
<doc>Generate a PDF file from HTML content.</doc>
<msg timestamp="20230412 22:46:36.424" level="INFO">Writing output to file C:\Users\sbarrague\Desktop\Escritorio\Robocorp Level 2\output\orders\3.pdf</msg>
<msg timestamp="20230412 22:46:36.788" level="INFO">maxp pruned</msg>
<msg timestamp="20230412 22:46:36.788" level="INFO">cmap pruned</msg>
<msg timestamp="20230412 22:46:36.788" level="INFO">post pruned</msg>
<msg timestamp="20230412 22:46:36.795" level="INFO">GDEF dropped</msg>
<msg timestamp="20230412 22:46:36.795" level="INFO">GPOS dropped</msg>
<msg timestamp="20230412 22:46:36.795" level="INFO">GSUB dropped</msg>
<msg timestamp="20230412 22:46:36.795" level="INFO">name pruned</msg>
<msg timestamp="20230412 22:46:36.806" level="INFO">glyf pruned</msg>
<msg timestamp="20230412 22:46:36.806" level="INFO">Added gid0 to subset</msg>
<msg timestamp="20230412 22:46:36.814" level="INFO">Added first four glyphs to subset</msg>
<msg timestamp="20230412 22:46:36.814" level="INFO">Closing glyph list over 'glyf': 58 glyphs before</msg>
<msg timestamp="20230412 22:46:36.814" level="INFO">Glyph names: ['.notdef', '.null', 'uni0020', 'uni0021', 'uni002D', 'uni002E', 'uni0030', 'uni0031', 'uni0032', 'uni0033', 'uni0034', 'uni0035', 'uni0036', 'uni0037', 'uni0038', 'uni0039', 'uni003A', 'uni0041', 'uni0042', 'uni0044', 'uni0045', 'uni0048', 'uni0049', 'uni004B', 'uni004C', 'uni004F', 'uni0050', 'uni0052', 'uni0053', 'uni0054', 'uni0057', 'uni0059', 'uni005A', 'uni0061', 'uni0062', 'uni0063', 'uni0064', 'uni0065', 'uni0066', 'uni0067', 'uni0068', 'uni0069', 'uni006B', 'uni006C', 'uni006D', 'uni006E', 'uni006F', 'uni0070', 'uni0072', 'uni0073', 'uni0074', 'uni0075', 'uni0076', 'uni0077', 'uni0079', 'uni007B', 'uni007D', 'uni00C4']</msg>
<msg timestamp="20230412 22:46:36.814" level="INFO">Glyph IDs:   [0, 1, 2, 3, 65, 84, 95, 161, 197, 270, 280, 320, 374, 382, 395, 409, 456, 469, 493, 504, 575, 582, 594, 612, 645, 650, 660, 679, 715, 723, 752, 759, 775, 827, 837, 867, 884, 899, 932, 936, 950, 1294, 1295, 1296, 1298, 1299, 1300, 1302, 1303, 1304, 1305, 1329, 1345, 1346, 1361, 1404, 1407, 1681]</msg>
<msg timestamp="20230412 22:46:36.814" level="INFO">Closed glyph list over 'glyf': 58 glyphs after</msg>
<msg timestamp="20230412 22:46:36.814" level="INFO">Glyph names: ['.notdef', '.null', 'uni0020', 'uni0021', 'uni002D', 'uni002E', 'uni0030', 'uni0031', 'uni0032', 'uni0033', 'uni0034', 'uni0035', 'uni0036', 'uni0037', 'uni0038', 'uni0039', 'uni003A', 'uni0041', 'uni0042', 'uni0044', 'uni0045', 'uni0048', 'uni0049', 'uni004B', 'uni004C', 'uni004F', 'uni0050', 'uni0052', 'uni0053', 'uni0054', 'uni0057', 'uni0059', 'uni005A', 'uni0061', 'uni0062', 'uni0063', 'uni0064', 'uni0065', 'uni0066', 'uni0067', 'uni0068', 'uni0069', 'uni006B', 'uni006C', 'uni006D', 'uni006E', 'uni006F', 'uni0070', 'uni0072', 'uni0073', 'uni0074', 'uni0075', 'uni0076', 'uni0077', 'uni0079', 'uni007B', 'uni007D', 'uni00C4']</msg>
<msg timestamp="20230412 22:46:36.814" level="INFO">Glyph IDs:   [0, 1, 2, 3, 65, 84, 95, 161, 197, 270, 280, 320, 374, 382, 395, 409, 456, 469, 493, 504, 575, 582, 594, 612, 645, 650, 660, 679, 715, 723, 752, 759, 775, 827, 837, 867, 884, 899, 932, 936, 950, 1294, 1295, 1296, 1298, 1299, 1300, 1302, 1303, 1304, 1305, 1329, 1345, 1346, 1361, 1404, 1407, 1681]</msg>
<msg timestamp="20230412 22:46:36.814" level="INFO">Retaining 58 glyphs</msg>
<msg timestamp="20230412 22:46:36.814" level="INFO">head subsetting not needed</msg>
<msg timestamp="20230412 22:46:36.814" level="INFO">hhea subsetting not needed</msg>
<msg timestamp="20230412 22:46:36.822" level="INFO">maxp subsetting not needed</msg>
<msg timestamp="20230412 22:46:36.822" level="INFO">OS/2 subsetting not needed</msg>
<msg timestamp="20230412 22:46:36.825" level="INFO">hmtx subsetted</msg>
<msg timestamp="20230412 22:46:36.825" level="INFO">cmap subsetted</msg>
<msg timestamp="20230412 22:46:36.825" level="INFO">prep subsetting not needed</msg>
<msg timestamp="20230412 22:46:36.833" level="INFO">loca subsetting not needed</msg>
<msg timestamp="20230412 22:46:36.833" level="INFO">post subsetted</msg>
<msg timestamp="20230412 22:46:36.833" level="INFO">gasp subsetting not needed</msg>
<msg timestamp="20230412 22:46:36.833" level="INFO">STAT subsetting not needed</msg>
<msg timestamp="20230412 22:46:36.833" level="INFO">name subsetting not needed</msg>
<msg timestamp="20230412 22:46:36.833" level="INFO">glyf subsetted</msg>
<msg timestamp="20230412 22:46:36.833" level="INFO">head pruned</msg>
<msg timestamp="20230412 22:46:36.833" level="INFO">OS/2 Unicode ranges pruned: [0]</msg>
<msg timestamp="20230412 22:46:36.842" level="INFO">glyf pruned</msg>
<msg timestamp="20230412 22:46:36.924" level="INFO">maxp pruned</msg>
<msg timestamp="20230412 22:46:36.932" level="INFO">cmap pruned</msg>
<msg timestamp="20230412 22:46:36.932" level="INFO">post pruned</msg>
<msg timestamp="20230412 22:46:36.932" level="INFO">GDEF dropped</msg>
<msg timestamp="20230412 22:46:36.932" level="INFO">GPOS dropped</msg>
<msg timestamp="20230412 22:46:36.932" level="INFO">GSUB dropped</msg>
<msg timestamp="20230412 22:46:36.932" level="INFO">name pruned</msg>
<msg timestamp="20230412 22:46:36.949" level="INFO">glyf pruned</msg>
<msg timestamp="20230412 22:46:36.949" level="INFO">Added gid0 to subset</msg>
<msg timestamp="20230412 22:46:36.949" level="INFO">Added first four glyphs to subset</msg>
<msg timestamp="20230412 22:46:36.949" level="INFO">Closing glyph list over 'glyf': 19 glyphs before</msg>
<msg timestamp="20230412 22:46:36.949" level="INFO">Glyph names: ['.notdef', '.null', 'uni0020', 'uni0030', 'uni0031', 'uni0032', 'uni0033', 'uni0034', 'uni0035', 'uni0036', 'uni0037', 'uni0038', 'uni0039', 'uni0041', 'uni0062', 'uni006E', 'uni007B', 'uni007D', 'uni00C4']</msg>
<msg timestamp="20230412 22:46:36.949" level="INFO">Glyph IDs:   [0, 1, 2, 3, 575, 759, 1294, 1295, 1296, 1298, 1299, 1300, 1302, 1303, 1304, 1305, 1345, 1346, 1681]</msg>
<msg timestamp="20230412 22:46:36.949" level="INFO">Closed glyph list over 'glyf': 19 glyphs after</msg>
<msg timestamp="20230412 22:46:36.949" level="INFO">Glyph names: ['.notdef', '.null', 'uni0020', 'uni0030', 'uni0031', 'uni0032', 'uni0033', 'uni0034', 'uni0035', 'uni0036', 'uni0037', 'uni0038', 'uni0039', 'uni0041', 'uni0062', 'uni006E', 'uni007B', 'uni007D', 'uni00C4']</msg>
<msg timestamp="20230412 22:46:36.957" level="INFO">Glyph IDs:   [0, 1, 2, 3, 575, 759, 1294, 1295, 1296, 1298, 1299, 1300, 1302, 1303, 1304, 1305, 1345, 1346, 1681]</msg>
<msg timestamp="20230412 22:46:36.957" level="INFO">Retaining 19 glyphs</msg>
<msg timestamp="20230412 22:46:36.957" level="INFO">head subsetting not needed</msg>
<msg timestamp="20230412 22:46:36.957" level="INFO">hhea subsetting not needed</msg>
<msg timestamp="20230412 22:46:36.957" level="INFO">maxp subsetting not needed</msg>
<msg timestamp="20230412 22:46:36.957" level="INFO">OS/2 subsetting not needed</msg>
<msg timestamp="20230412 22:46:36.965" level="INFO">hmtx subsetted</msg>
<msg timestamp="20230412 22:46:36.965" level="INFO">cmap subsetted</msg>
<msg timestamp="20230412 22:46:36.965" level="INFO">prep subsetting not needed</msg>
<msg timestamp="20230412 22:46:36.965" level="INFO">loca subsetting not needed</msg>
<msg timestamp="20230412 22:46:36.965" level="INFO">post subsetted</msg>
<msg timestamp="20230412 22:46:36.973" level="INFO">gasp subsetting not needed</msg>
<msg timestamp="20230412 22:46:36.973" level="INFO">STAT subsetting not needed</msg>
<msg timestamp="20230412 22:46:36.973" level="INFO">name subsetting not needed</msg>
<msg timestamp="20230412 22:46:36.973" level="INFO">glyf subsetted</msg>
<msg timestamp="20230412 22:46:36.973" level="INFO">head pruned</msg>
<msg timestamp="20230412 22:46:36.973" level="INFO">OS/2 Unicode ranges pruned: [0]</msg>
<msg timestamp="20230412 22:46:36.981" level="INFO">glyf pruned</msg>
<msg timestamp="20230412 22:46:37.032" level="INFO">maxp pruned</msg>
<msg timestamp="20230412 22:46:37.032" level="INFO">cmap pruned</msg>
<msg timestamp="20230412 22:46:37.032" level="INFO">post pruned</msg>
<msg timestamp="20230412 22:46:37.032" level="INFO">GDEF dropped</msg>
<msg timestamp="20230412 22:46:37.032" level="INFO">GPOS dropped</msg>
<msg timestamp="20230412 22:46:37.032" level="INFO">GSUB dropped</msg>
<msg timestamp="20230412 22:46:37.032" level="INFO">name pruned</msg>
<msg timestamp="20230412 22:46:37.049" level="INFO">glyf pruned</msg>
<msg timestamp="20230412 22:46:37.057" level="INFO">Added gid0 to subset</msg>
<msg timestamp="20230412 22:46:37.057" level="INFO">Added first four glyphs to subset</msg>
<msg timestamp="20230412 22:46:37.057" level="INFO">Closing glyph list over 'glyf': 18 glyphs before</msg>
<msg timestamp="20230412 22:46:37.057" level="INFO">Glyph names: ['.notdef', '.null', 'uni0020', 'uni0030', 'uni0031', 'uni0032', 'uni0033', 'uni0034', 'uni0035', 'uni0036', 'uni0037', 'uni0038', 'uni0039', 'uni0062', 'uni006E', 'uni007B', 'uni007D', 'uni00A0']</msg>
<msg timestamp="20230412 22:46:37.057" level="INFO">Glyph IDs:   [0, 1, 2, 3, 544, 727, 1256, 1257, 1258, 1260, 1261, 1262, 1264, 1265, 1266, 1267, 1307, 1308]</msg>
<msg timestamp="20230412 22:46:37.057" level="INFO">Closed glyph list over 'glyf': 18 glyphs after</msg>
<msg timestamp="20230412 22:46:37.057" level="INFO">Glyph names: ['.notdef', '.null', 'uni0020', 'uni0030', 'uni0031', 'uni0032', 'uni0033', 'uni0034', 'uni0035', 'uni0036', 'uni0037', 'uni0038', 'uni0039', 'uni0062', 'uni006E', 'uni007B', 'uni007D', 'uni00A0']</msg>
<msg timestamp="20230412 22:46:37.057" level="INFO">Glyph IDs:   [0, 1, 2, 3, 544, 727, 1256, 1257, 1258, 1260, 1261, 1262, 1264, 1265, 1266, 1267, 1307, 1308]</msg>
<msg timestamp="20230412 22:46:37.057" level="INFO">Retaining 18 glyphs</msg>
<msg timestamp="20230412 22:46:37.057" level="INFO">head subsetting not needed</msg>
<msg timestamp="20230412 22:46:37.065" level="INFO">hhea subsetting not needed</msg>
<msg timestamp="20230412 22:46:37.065" level="INFO">maxp subsetting not needed</msg>
<msg timestamp="20230412 22:46:37.065" level="INFO">OS/2 subsetting not needed</msg>
<msg timestamp="20230412 22:46:37.065" level="INFO">hmtx subsetted</msg>
<msg timestamp="20230412 22:46:37.073" level="INFO">cmap subsetted</msg>
<msg timestamp="20230412 22:46:37.073" level="INFO">loca subsetting not needed</msg>
<msg timestamp="20230412 22:46:37.073" level="INFO">post subsetted</msg>
<msg timestamp="20230412 22:46:37.073" level="INFO">name subsetting not needed</msg>
<msg timestamp="20230412 22:46:37.073" level="INFO">glyf subsetted</msg>
<msg timestamp="20230412 22:46:37.073" level="INFO">head pruned</msg>
<msg timestamp="20230412 22:46:37.081" level="INFO">OS/2 Unicode ranges pruned: [0]</msg>
<msg timestamp="20230412 22:46:37.081" level="INFO">glyf pruned</msg>
<msg timestamp="20230412 22:46:37.142" level="INFO">maxp pruned</msg>
<msg timestamp="20230412 22:46:37.142" level="INFO">cmap pruned</msg>
<msg timestamp="20230412 22:46:37.142" level="INFO">post pruned</msg>
<msg timestamp="20230412 22:46:37.142" level="INFO">GDEF dropped</msg>
<msg timestamp="20230412 22:46:37.142" level="INFO">GPOS dropped</msg>
<msg timestamp="20230412 22:46:37.142" level="INFO">GSUB dropped</msg>
<msg timestamp="20230412 22:46:37.142" level="INFO">name pruned</msg>
<msg timestamp="20230412 22:46:37.183" level="INFO">glyf pruned</msg>
<msg timestamp="20230412 22:46:37.198" level="INFO">Added gid0 to subset</msg>
<msg timestamp="20230412 22:46:37.198" level="INFO">Added first four glyphs to subset</msg>
<msg timestamp="20230412 22:46:37.198" level="INFO">Closing glyph list over 'glyf': 18 glyphs before</msg>
<msg timestamp="20230412 22:46:37.198" level="INFO">Glyph names: ['.notdef', '.null', 'uni0020', 'uni0030', 'uni0031', 'uni0032', 'uni0033', 'uni0034', 'uni0035', 'uni0036', 'uni0037', 'uni0038', 'uni0039', 'uni0062', 'uni006E', 'uni007B', 'uni007D', 'uni00A0']</msg>
<msg timestamp="20230412 22:46:37.206" level="INFO">Glyph IDs:   [0, 1, 2, 3, 544, 727, 1256, 1257, 1258, 1260, 1261, 1262, 1264, 1265, 1266, 1267, 1307, 1308]</msg>
<msg timestamp="20230412 22:46:37.206" level="INFO">Closed glyph list over 'glyf': 18 glyphs after</msg>
<msg timestamp="20230412 22:46:37.206" level="INFO">Glyph names: ['.notdef', '.null', 'uni0020', 'uni0030', 'uni0031', 'uni0032', 'uni0033', 'uni0034', 'uni0035', 'uni0036', 'uni0037', 'uni0038', 'uni0039', 'uni0062', 'uni006E', 'uni007B', 'uni007D', 'uni00A0']</msg>
<msg timestamp="20230412 22:46:37.206" level="INFO">Glyph IDs:   [0, 1, 2, 3, 544, 727, 1256, 1257, 1258, 1260, 1261, 1262, 1264, 1265, 1266, 1267, 1307, 1308]</msg>
<msg timestamp="20230412 22:46:37.206" level="INFO">Retaining 18 glyphs</msg>
<msg timestamp="20230412 22:46:37.206" level="INFO">head subsetting not needed</msg>
<msg timestamp="20230412 22:46:37.206" level="INFO">hhea subsetting not needed</msg>
<msg timestamp="20230412 22:46:37.206" level="INFO">maxp subsetting not needed</msg>
<msg timestamp="20230412 22:46:37.215" level="INFO">OS/2 subsetting not needed</msg>
<msg timestamp="20230412 22:46:37.223" level="INFO">hmtx subsetted</msg>
<msg timestamp="20230412 22:46:37.231" level="INFO">cmap subsetted</msg>
<msg timestamp="20230412 22:46:37.231" level="INFO">loca subsetting not needed</msg>
<msg timestamp="20230412 22:46:37.231" level="INFO">post subsetted</msg>
<msg timestamp="20230412 22:46:37.231" level="INFO">name subsetting not needed</msg>
<msg timestamp="20230412 22:46:37.231" level="INFO">glyf subsetted</msg>
<msg timestamp="20230412 22:46:37.239" level="INFO">head pruned</msg>
<msg timestamp="20230412 22:46:37.239" level="INFO">OS/2 Unicode ranges pruned: [0]</msg>
<msg timestamp="20230412 22:46:37.239" level="INFO">glyf pruned</msg>
<msg timestamp="20230412 22:46:37.278" level="INFO">['uni0020', 'uni0030', 'uni0031', 'uni0032', 'uni0033', 'uni0034', 'uni0035', 'uni0036', 'uni0037', 'uni0038', 'uni0039', 'uni0062', 'uni006E', 'uni007B', 'uni007D', 'uni0052', 'uni0065', 'uni0063', 'uni0069', 'uni0070', 'uni0074', 'uni002D', 'uni0054', 'uni003A', 'uni002E', 'uni005A', 'uni0053', 'uni0042', 'uni004F', 'uni0044', 'uni0045', 'uni0049', 'uni0059', 'uni004B', 'uni0050', 'uni0041', 'uni0064', 'uni0072', 'uni0073', 'uni0048', 'uni0061', 'uni006F', 'uni0079', 'uni004C', 'uni0067', 'uni0068', 'uni006B', 'uni0075', 'uni0066', 'uni0021', 'uni0057', 'uni0077', 'uni006C', 'uni0076', 'uni006D']
['uni0020', 'uni0030', 'uni0031', 'uni0032', 'uni0033', 'uni0034', 'uni0035', 'uni0036', 'uni0037', 'uni0038', 'uni0039', 'uni0062', 'uni006E', 'uni007B', 'uni007D']
['uni0020', 'uni0030', 'uni0031', 'uni0032', 'uni0033', 'uni0034', 'uni0035', 'uni0036', 'uni0037', 'uni0038', 'uni0039', 'uni0062', 'uni006E', 'uni007B', 'uni007D']
['uni0020', 'uni0030', 'uni0031', 'uni0032', 'uni0033', 'uni0034', 'uni0035', 'uni0036', 'uni0037', 'uni0038', 'uni0039', 'uni0062', 'uni006E', 'uni007B', 'uni007D']</msg>
<status status="PASS" starttime="20230412 22:46:36.424" endtime="20230412 22:46:37.279"/>
</kw>
<return>
<value>${receipt_dir}${/}${row}[Order number].pdf</value>
<status status="PASS" starttime="20230412 22:46:37.279" endtime="20230412 22:46:37.279"/>
</return>
<msg timestamp="20230412 22:46:37.279" level="INFO">${pdf} = c:\Users\sbarrague\Desktop\Escritorio\Robocorp Level 2\output\orders\3.pdf</msg>
<status status="PASS" starttime="20230412 22:46:36.319" endtime="20230412 22:46:37.279"/>
</kw>
<kw name="Take a screenshot of the robot">
<var>${screenshot}</var>
<arg>${row}</arg>
<kw name="Capture Element Screenshot" library="RPA.Browser.Selenium">
<arg>robot-preview-image</arg>
<arg>${screenshot_dir}${/}${row}[Order number].png</arg>
<doc>Captures a screenshot from the element identified by ``locator`` and embeds it into log file.</doc>
<msg timestamp="20230412 22:46:37.432" level="INFO" html="true">&lt;/td&gt;&lt;/tr&gt;&lt;tr&gt;&lt;td colspan="3"&gt;&lt;a href="file:///C:/Users/sbarrague/Desktop/Escritorio/Robocorp%20Level%202/output/screenshots/3.png"&gt;&lt;img src="file:///C:/Users/sbarrague/Desktop/Escritorio/Robocorp%20Level%202/output/screenshots/3.png" width="400px"&gt;&lt;/a&gt;</msg>
<status status="PASS" starttime="20230412 22:46:37.279" endtime="20230412 22:46:37.432"/>
</kw>
<return>
<value>${screenshot_dir}${/}${row}[Order number].png</value>
<status status="PASS" starttime="20230412 22:46:37.432" endtime="20230412 22:46:37.432"/>
</return>
<msg timestamp="20230412 22:46:37.432" level="INFO">${screenshot} = c:\Users\sbarrague\Desktop\Escritorio\Robocorp Level 2\output\screenshots\3.png</msg>
<status status="PASS" starttime="20230412 22:46:37.279" endtime="20230412 22:46:37.432"/>
</kw>
<kw name="Wait Until Created" library="OperatingSystem">
<arg>${pdf}</arg>
<arg>timeout=10s</arg>
<doc>Waits until the given file or directory is created.</doc>
<msg timestamp="20230412 22:46:37.438" level="INFO" html="true">'&lt;a href="file://c:\Users\sbarrague\Desktop\Escritorio\Robocorp Level 2\output\orders\3.pdf"&gt;c:\Users\sbarrague\Desktop\Escritorio\Robocorp Level 2\output\orders\3.pdf&lt;/a&gt;' was created.</msg>
<status status="PASS" starttime="20230412 22:46:37.432" endtime="20230412 22:46:37.439"/>
</kw>
<kw name="Open Pdf" library="RPA.PDF">
<arg>${pdf}</arg>
<doc>Open a PDF document for reading.</doc>
<status status="PASS" starttime="20230412 22:46:37.439" endtime="20230412 22:46:37.458"/>
</kw>
<kw name="Create List" library="BuiltIn">
<var>${files}</var>
<arg>${screenshot}</arg>
<doc>Returns a list containing given items.</doc>
<msg timestamp="20230412 22:46:37.458" level="INFO">${files} = ['c:\\Users\\sbarrague\\Desktop\\Escritorio\\Robocorp Level 2\\output\\screenshots\\3.png']</msg>
<status status="PASS" starttime="20230412 22:46:37.458" endtime="20230412 22:46:37.458"/>
</kw>
<kw name="Add Files To Pdf" library="RPA.PDF">
<arg>${files}</arg>
<arg>${pdf}</arg>
<arg>append=True</arg>
<doc>Add images and/or pdfs to new PDF document.</doc>
<msg timestamp="20230412 22:46:37.469" level="INFO">Adding page: 0</msg>
<msg timestamp="20230412 22:46:37.476" level="WARN">Object 7 0 found</msg>
<msg timestamp="20230412 22:46:37.479" level="WARN">Overwriting cache for 0 7</msg>
<msg timestamp="20230412 22:46:37.486" level="WARN">Object 14 0 found</msg>
<msg timestamp="20230412 22:46:37.492" level="WARN">Overwriting cache for 0 14</msg>
<msg timestamp="20230412 22:46:37.492" level="WARN">Object 21 0 found</msg>
<msg timestamp="20230412 22:46:37.501" level="WARN">Overwriting cache for 0 21</msg>
<msg timestamp="20230412 22:46:37.505" level="WARN">Object 28 0 found</msg>
<msg timestamp="20230412 22:46:37.505" level="WARN">Overwriting cache for 0 28</msg>
<msg timestamp="20230412 22:46:37.521" level="INFO">File c:\Users\sbarrague\Desktop\Escritorio\Robocorp Level 2\output\screenshots\3.png type: png</msg>
<msg timestamp="20230412 22:46:37.521" level="INFO">Image parameters: {}</msg>
<status status="PASS" starttime="20230412 22:46:37.458" endtime="20230412 22:46:37.655"/>
</kw>
<status status="PASS" starttime="20230412 22:46:36.311" endtime="20230412 22:46:37.655"/>
</kw>
<kw name="Order another robot">
<kw name="Click Button" library="RPA.Browser.Selenium">
<arg>order-another</arg>
<doc>Clicks the button identified by ``locator``.</doc>
<msg timestamp="20230412 22:46:37.665" level="INFO">Clicking button 'order-another'.</msg>
<status status="PASS" starttime="20230412 22:46:37.665" endtime="20230412 22:46:37.902"/>
</kw>
<status status="PASS" starttime="20230412 22:46:37.664" endtime="20230412 22:46:37.903"/>
</kw>
<status status="PASS" starttime="20230412 22:46:35.204" endtime="20230412 22:46:37.904"/>
</iter>
<iter>
<var name="${row}">{'Order number': '4', 'Head': '2', 'Body': '3', 'Legs': '2', 'Address': 'Address 1'}</var>
<kw name="Close the annoying modal">
<kw name="Wait Until Page Contains Element" library="RPA.Browser.Selenium">
<arg>css:.btn.btn-dark</arg>
<doc>Waits until the element ``locator`` appears on the current page.</doc>
<status status="PASS" starttime="20230412 22:46:37.909" endtime="20230412 22:46:37.925"/>
</kw>
<kw name="Click Button" library="RPA.Browser.Selenium">
<arg>css:.btn.btn-dark</arg>
<doc>Clicks the button identified by ``locator``.</doc>
<msg timestamp="20230412 22:46:37.925" level="INFO">Clicking button 'css:.btn.btn-dark'.</msg>
<status status="PASS" starttime="20230412 22:46:37.925" endtime="20230412 22:46:38.022"/>
</kw>
<status status="PASS" starttime="20230412 22:46:37.908" endtime="20230412 22:46:38.022"/>
</kw>
<kw name="Fill the form">
<arg>${row}</arg>
<kw name="Select From List By Value" library="RPA.Browser.Selenium">
<arg>head</arg>
[...]
<var>${screenshot}</var>
<arg>${row}</arg>
<kw name="Capture Element Screenshot" library="RPA.Browser.Selenium">
<arg>robot-preview-image</arg>
<arg>${screenshot_dir}${/}${row}[Order number].png</arg>
<doc>Captures a screenshot from the element identified by ``locator`` and embeds it into log file.</doc>
<msg timestamp="20230412 22:47:17.317" level="INFO" html="true">&lt;/td&gt;&lt;/tr&gt;&lt;tr&gt;&lt;td colspan="3"&gt;&lt;a href="file:///C:/Users/sbarrague/Desktop/Escritorio/Robocorp%20Level%202/output/screenshots/20.png"&gt;&lt;img src="file:///C:/Users/sbarrague/Desktop/Escritorio/Robocorp%20Level%202/output/screenshots/20.png" width="400px"&gt;&lt;/a&gt;</msg>
<status status="PASS" starttime="20230412 22:47:17.094" endtime="20230412 22:47:17.325"/>
</kw>
<return>
<value>${screenshot_dir}${/}${row}[Order number].png</value>
<status status="PASS" starttime="20230412 22:47:17.325" endtime="20230412 22:47:17.325"/>
</return>
<msg timestamp="20230412 22:47:17.325" level="INFO">${screenshot} = c:\Users\sbarrague\Desktop\Escritorio\Robocorp Level 2\output\screenshots\20.png</msg>
<status status="PASS" starttime="20230412 22:47:17.086" endtime="20230412 22:47:17.325"/>
</kw>
<kw name="Wait Until Created" library="OperatingSystem">
<arg>${pdf}</arg>
<arg>timeout=10s</arg>
<doc>Waits until the given file or directory is created.</doc>
<msg timestamp="20230412 22:47:17.325" level="INFO" html="true">'&lt;a href="file://c:\Users\sbarrague\Desktop\Escritorio\Robocorp Level 2\output\orders\20.pdf"&gt;c:\Users\sbarrague\Desktop\Escritorio\Robocorp Level 2\output\orders\20.pdf&lt;/a&gt;' was created.</msg>
<status status="PASS" starttime="20230412 22:47:17.325" endtime="20230412 22:47:17.325"/>
</kw>
<kw name="Open Pdf" library="RPA.PDF">
<arg>${pdf}</arg>
<doc>Open a PDF document for reading.</doc>
<status status="PASS" starttime="20230412 22:47:17.333" endtime="20230412 22:47:17.351"/>
</kw>
<kw name="Create List" library="BuiltIn">
<var>${files}</var>
<arg>${screenshot}</arg>
<doc>Returns a list containing given items.</doc>
<msg timestamp="20230412 22:47:17.351" level="INFO">${files} = ['c:\\Users\\sbarrague\\Desktop\\Escritorio\\Robocorp Level 2\\output\\screenshots\\20.png']</msg>
<status status="PASS" starttime="20230412 22:47:17.351" endtime="20230412 22:47:17.351"/>
</kw>
<kw name="Add Files To Pdf" library="RPA.PDF">
<arg>${files}</arg>
<arg>${pdf}</arg>
<arg>append=True</arg>
<doc>Add images and/or pdfs to new PDF document.</doc>
<msg timestamp="20230412 22:47:17.359" level="INFO">Adding page: 0</msg>
<msg timestamp="20230412 22:47:17.359" level="WARN">Object 7 0 found</msg>
<msg timestamp="20230412 22:47:17.369" level="WARN">Overwriting cache for 0 7</msg>
<msg timestamp="20230412 22:47:17.373" level="WARN">Object 14 0 found</msg>
<msg timestamp="20230412 22:47:17.380" level="WARN">Overwriting cache for 0 14</msg>
<msg timestamp="20230412 22:47:17.385" level="WARN">Object 21 0 found</msg>
<msg timestamp="20230412 22:47:17.385" level="WARN">Overwriting cache for 0 21</msg>
<msg timestamp="20230412 22:47:17.394" level="WARN">Object 28 0 found</msg>
<msg timestamp="20230412 22:47:17.403" level="WARN">Overwriting cache for 0 28</msg>
<msg timestamp="20230412 22:47:17.419" level="INFO">File c:\Users\sbarrague\Desktop\Escritorio\Robocorp Level 2\output\screenshots\20.png type: png</msg>
<msg timestamp="20230412 22:47:17.419" level="INFO">Image parameters: {}</msg>
<status status="PASS" starttime="20230412 22:47:17.351" endtime="20230412 22:47:17.501"/>
</kw>
<status status="PASS" starttime="20230412 22:47:16.255" endtime="20230412 22:47:17.501"/>
</kw>
<kw name="Order another robot">
<kw name="Click Button" library="RPA.Browser.Selenium">
<arg>order-another</arg>
<doc>Clicks the button identified by ``locator``.</doc>
<msg timestamp="20230412 22:47:17.501" level="INFO">Clicking button 'order-another'.</msg>
<status status="PASS" starttime="20230412 22:47:17.501" endtime="20230412 22:47:18.196"/>
</kw>
<status status="PASS" starttime="20230412 22:47:17.501" endtime="20230412 22:47:18.196"/>
</kw>
<status status="PASS" starttime="20230412 22:47:15.151" endtime="20230412 22:47:18.196"/>
</iter>
<status status="PASS" starttime="20230412 22:46:30.711" endtime="20230412 22:47:18.198"/>
</for>
<kw name="Archive output PDFs">
<kw name="Set Variable" library="BuiltIn">
<var>${zip_file_name}</var>
<arg>${out_dir}${/}all_receipts.zip</arg>
<doc>Returns the given values which can then be assigned to a variables.</doc>
<msg timestamp="20230412 22:47:18.206" level="INFO">${zip_file_name} = c:\Users\sbarrague\Desktop\Escritorio\Robocorp Level 2\output\all_receipts.zip</msg>
<status status="PASS" starttime="20230412 22:47:18.205" endtime="20230412 22:47:18.206"/>
</kw>
<kw name="Archive Folder With Zip" library="RPA.Archive">
<arg>${receipt_dir}</arg>
<arg>${zip_file_name}</arg>
<doc>Create a zip archive of a folder</doc>
<status status="PASS" starttime="20230412 22:47:18.206" endtime="20230412 22:47:18.440"/>
</kw>
<status status="PASS" starttime="20230412 22:47:18.203" endtime="20230412 22:47:18.448"/>
</kw>
<kw name="Close RobotSpareBin Browser" type="TEARDOWN">
<kw name="Close All Browsers" library="RPA.Browser.Selenium">
<doc>Closes all open browsers and resets the browser cache.</doc>
<status status="PASS" starttime="20230412 22:47:18.452" endtime="20230412 22:47:20.623"/>
</kw>
<kw name="Remove File" library="OperatingSystem">
<arg>orders.csv</arg>
<doc>Removes a file with the given path.</doc>
<msg timestamp="20230412 22:47:20.626" level="INFO" html="true">Removed file '&lt;a href="file://C:\Users\sbarrague\Desktop\Escritorio\Robocorp Level 2\orders.csv"&gt;C:\Users\sbarrague\Desktop\Escritorio\Robocorp Level 2\orders.csv&lt;/a&gt;'.</msg>
<status status="PASS" starttime="20230412 22:47:20.623" endtime="20230412 22:47:20.626"/>
</kw>
<kw name="Remove Directory" library="OperatingSystem">
<arg>${screenshot_dir}</arg>
<arg>recursive=True</arg>
<doc>Removes the directory pointed to by the given ``path``.</doc>
<msg timestamp="20230412 22:47:20.640" level="INFO" html="true">Removed directory '&lt;a href="file://c:\Users\sbarrague\Desktop\Escritorio\Robocorp Level 2\output\screenshots"&gt;c:\Users\sbarrague\Desktop\Escritorio\Robocorp Level 2\output\screenshots&lt;/a&gt;'.</msg>
<status status="PASS" starttime="20230412 22:47:20.626" endtime="20230412 22:47:20.641"/>
</kw>
<status status="PASS" starttime="20230412 22:47:18.451" endtime="20230412 22:47:20.641"/>
</kw>
<status status="PASS" starttime="20230412 22:46:24.884" endtime="20230412 22:47:20.641"/>
</test>
<doc>Orders robots from RobotSpareBin Industries Inc.
Saves the order HTML receipt as a PDF file.
Saves the screenshot of the ordered robot.
Embeds the screenshot of the robot to the PDF receipt.
Creates ZIP archive of the receipts and the images.</doc>
<status status="PASS" starttime="20230412 22:46:22.674" endtime="20230412 22:47:20.649"/>
</suite>
<statistics>
<total>
<stat pass="1" fail="0" skip="0">All Tasks</stat>
</total>
<tag>
</tag>
<suite>
<stat pass="1" fail="0" skip="0" id="s1" name="Tasks">Tasks</stat>
</suite>
</statistics>
<errors>
<msg timestamp="20230412 22:46:32.617" level="WARN">Object 7 0 found</msg>
<msg timestamp="20230412 22:46:32.689" level="WARN">Overwriting cache for 0 7</msg>
<msg timestamp="20230412 22:46:32.691" level="WARN">Object 14 0 found</msg>
<msg timestamp="20230412 22:46:32.691" level="WARN">Overwriting cache for 0 14</msg>
<msg timestamp="20230412 22:46:32.699" level="WARN">Object 21 0 found</msg>
<msg timestamp="20230412 22:46:32.704" level="WARN">Overwriting cache for 0 21</msg>
<msg timestamp="20230412 22:46:32.716" level="WARN">Object 28 0 found</msg>
<msg timestamp="20230412 22:46:32.721" level="WARN">Overwriting cache for 0 28</msg>
<msg timestamp="20230412 22:46:34.800" level="WARN">Object 7 0 found</msg>
<msg timestamp="20230412 22:46:34.807" level="WARN">Overwriting cache for 0 7</msg>
<msg timestamp="20230412 22:46:34.813" level="WARN">Object 14 0 found</msg>
<msg timestamp="20230412 22:46:34.813" level="WARN">Overwriting cache for 0 14</msg>
<msg timestamp="20230412 22:46:34.820" level="WARN">Object 21 0 found</msg>
<msg timestamp="20230412 22:46:34.825" level="WARN">Overwriting cache for 0 21</msg>
<msg timestamp="20230412 22:46:34.829" level="WARN">Object 28 0 found</msg>
<msg timestamp="20230412 22:46:34.829" level="WARN">Overwriting cache for 0 28</msg>
<msg timestamp="20230412 22:46:37.476" level="WARN">Object 7 0 found</msg>
<msg timestamp="20230412 22:46:37.479" level="WARN">Overwriting cache for 0 7</msg>
<msg timestamp="20230412 22:46:37.486" level="WARN">Object 14 0 found</msg>
<msg timestamp="20230412 22:46:37.492" level="WARN">Overwriting cache for 0 14</msg>
<msg timestamp="20230412 22:46:37.492" level="WARN">Object 21 0 found</msg>
<msg timestamp="20230412 22:46:37.501" level="WARN">Overwriting cache for 0 21</msg>
<msg timestamp="20230412 22:46:37.505" level="WARN">Object 28 0 found</msg>
<msg timestamp="20230412 22:46:37.505" level="WARN">Overwriting cache for 0 28</msg>
<msg timestamp="20230412 22:46:39.593" level="WARN">Object 7 0 found</msg>
<msg timestamp="20230412 22:46:39.646" level="WARN">Overwriting cache for 0 7</msg>
<msg timestamp="20230412 22:46:39.646" level="WARN">Object 14 0 found</msg>
<msg timestamp="20230412 22:46:39.655" level="WARN">Overwriting cache for 0 14</msg>
<msg timestamp="20230412 22:46:39.657" level="WARN">Object 21 0 found</msg>
<msg timestamp="20230412 22:46:39.671" level="WARN">Overwriting cache for 0 21</msg>
<msg timestamp="20230412 22:46:39.676" level="WARN">Object 28 0 found</msg>
<msg timestamp="20230412 22:46:39.676" level="WARN">Overwriting cache for 0 28</msg>
<msg timestamp="20230412 22:46:41.288" level="WARN">Object 7 0 found</msg>
<msg timestamp="20230412 22:46:41.288" level="WARN">Overwriting cache for 0 7</msg>
<msg timestamp="20230412 22:46:41.288" level="WARN">Object 14 0 found</msg>
<msg timestamp="20230412 22:46:41.288" level="WARN">Overwriting cache for 0 14</msg>
<msg timestamp="20230412 22:46:41.296" level="WARN">Object 21 0 found</msg>
<msg timestamp="20230412 22:46:41.296" level="WARN">Overwriting cache for 0 21</msg>
<msg timestamp="20230412 22:46:41.296" level="WARN">Object 28 0 found</msg>
<msg timestamp="20230412 22:46:41.296" level="WARN">Overwriting cache for 0 28</msg>
<msg timestamp="20230412 22:46:43.313" level="WARN">Object 7 0 found</msg>
<msg timestamp="20230412 22:46:43.315" level="WARN">Overwriting cache for 0 7</msg>
<msg timestamp="20230412 22:46:43.323" level="WARN">Object 14 0 found</msg>
<msg timestamp="20230412 22:46:43.324" level="WARN">Overwriting cache for 0 14</msg>
<msg timestamp="20230412 22:46:43.329" level="WARN">Object 21 0 found</msg>
<msg timestamp="20230412 22:46:43.329" level="WARN">Overwriting cache for 0 21</msg>
<msg timestamp="20230412 22:46:43.332" level="WARN">Object 28 0 found</msg>
<msg timestamp="20230412 22:46:43.332" level="WARN">Overwriting cache for 0 28</msg>
<msg timestamp="20230412 22:46:45.074" level="WARN">Object 7 0 found</msg>
<msg timestamp="20230412 22:46:45.074" level="WARN">Overwriting cache for 0 7</msg>
<msg timestamp="20230412 22:46:45.084" level="WARN">Object 14 0 found</msg>
<msg timestamp="20230412 22:46:45.084" level="WARN">Overwriting cache for 0 14</msg>
<msg timestamp="20230412 22:46:45.084" level="WARN">Object 21 0 found</msg>
<msg timestamp="20230412 22:46:45.084" level="WARN">Overwriting cache for 0 21</msg>
<msg timestamp="20230412 22:46:45.093" level="WARN">Object 28 0 found</msg>
<msg timestamp="20230412 22:46:45.093" level="WARN">Overwriting cache for 0 28</msg>
<msg timestamp="20230412 22:46:46.797" level="WARN">Object 7 0 found</msg>
<msg timestamp="20230412 22:46:46.806" level="WARN">Overwriting cache for 0 7</msg>
<msg timestamp="20230412 22:46:46.811" level="WARN">Object 14 0 found</msg>
<msg timestamp="20230412 22:46:46.816" level="WARN">Overwriting cache for 0 14</msg>
<msg timestamp="20230412 22:46:46.820" level="WARN">Object 21 0 found</msg>
<msg timestamp="20230412 22:46:46.822" level="WARN">Overwriting cache for 0 21</msg>
<msg timestamp="20230412 22:46:46.827" level="WARN">Object 28 0 found</msg>
<msg timestamp="20230412 22:46:46.834" level="WARN">Overwriting cache for 0 28</msg>
<msg timestamp="20230412 22:46:49.154" level="WARN">Object 7 0 found</msg>
<msg timestamp="20230412 22:46:49.154" level="WARN">Overwriting cache for 0 7</msg>
<msg timestamp="20230412 22:46:49.163" level="WARN">Object 14 0 found</msg>
<msg timestamp="20230412 22:46:49.171" level="WARN">Overwriting cache for 0 14</msg>
<msg timestamp="20230412 22:46:49.174" level="WARN">Object 21 0 found</msg>
<msg timestamp="20230412 22:46:49.174" level="WARN">Overwriting cache for 0 21</msg>
<msg timestamp="20230412 22:46:49.182" level="WARN">Object 28 0 found</msg>
<msg timestamp="20230412 22:46:49.190" level="WARN">Overwriting cache for 0 28</msg>
<msg timestamp="20230412 22:46:51.596" level="WARN">Object 7 0 found</msg>
<msg timestamp="20230412 22:46:51.596" level="WARN">Overwriting cache for 0 7</msg>
<msg timestamp="20230412 22:46:51.609" level="WARN">Object 14 0 found</msg>
<msg timestamp="20230412 22:46:51.614" level="WARN">Overwriting cache for 0 14</msg>
<msg timestamp="20230412 22:46:51.620" level="WARN">Object 21 0 found</msg>
<msg timestamp="20230412 22:46:51.620" level="WARN">Overwriting cache for 0 21</msg>
<msg timestamp="20230412 22:46:51.629" level="WARN">Object 28 0 found</msg>
<msg timestamp="20230412 22:46:51.629" level="WARN">Overwriting cache for 0 28</msg>
<msg timestamp="20230412 22:46:54.014" level="WARN">Object 7 0 found</msg>
<msg timestamp="20230412 22:46:54.014" level="WARN">Overwriting cache for 0 7</msg>
<msg timestamp="20230412 22:46:54.026" level="WARN">Object 14 0 found</msg>
<msg timestamp="20230412 22:46:54.029" level="WARN">Overwriting cache for 0 14</msg>
<msg timestamp="20230412 22:46:54.029" level="WARN">Object 21 0 found</msg>
<msg timestamp="20230412 22:46:54.040" level="WARN">Overwriting cache for 0 21</msg>
<msg timestamp="20230412 22:46:54.043" level="WARN">Object 28 0 found</msg>
<msg timestamp="20230412 22:46:54.045" level="WARN">Overwriting cache for 0 28</msg>
<msg timestamp="20230412 22:46:56.696" level="WARN">Object 7 0 found</msg>
<msg timestamp="20230412 22:46:56.705" level="WARN">Overwriting cache for 0 7</msg>
<msg timestamp="20230412 22:46:56.711" level="WARN">Object 14 0 found</msg>
<msg timestamp="20230412 22:46:56.716" level="WARN">Overwriting cache for 0 14</msg>
<msg timestamp="20230412 22:46:56.723" level="WARN">Object 21 0 found</msg>
<msg timestamp="20230412 22:46:56.727" level="WARN">Overwriting cache for 0 21</msg>
<msg timestamp="20230412 22:46:56.727" level="WARN">Object 28 0 found</msg>
<msg timestamp="20230412 22:46:56.739" level="WARN">Overwriting cache for 0 28</msg>
<msg timestamp="20230412 22:46:59.078" level="WARN">Object 7 0 found</msg>
<msg timestamp="20230412 22:46:59.082" level="WARN">Overwriting cache for 0 7</msg>
<msg timestamp="20230412 22:46:59.085" level="WARN">Object 14 0 found</msg>
<msg timestamp="20230412 22:46:59.085" level="WARN">Overwriting cache for 0 14</msg>
<msg timestamp="20230412 22:46:59.095" level="WARN">Object 21 0 found</msg>
<msg timestamp="20230412 22:46:59.100" level="WARN">Overwriting cache for 0 21</msg>
<msg timestamp="20230412 22:46:59.104" level="WARN">Object 28 0 found</msg>
<msg timestamp="20230412 22:46:59.108" level="WARN">Overwriting cache for 0 28</msg>
<msg timestamp="20230412 22:47:01.655" level="WARN">Object 7 0 found</msg>
<msg timestamp="20230412 22:47:01.662" level="WARN">Overwriting cache for 0 7</msg>
<msg timestamp="20230412 22:47:01.668" level="WARN">Object 14 0 found</msg>
<msg timestamp="20230412 22:47:01.674" level="WARN">Overwriting cache for 0 14</msg>
<msg timestamp="20230412 22:47:01.683" level="WARN">Object 21 0 found</msg>
<msg timestamp="20230412 22:47:01.686" level="WARN">Overwriting cache for 0 21</msg>
<msg timestamp="20230412 22:47:01.686" level="WARN">Object 28 0 found</msg>
<msg timestamp="20230412 22:47:01.694" level="WARN">Overwriting cache for 0 28</msg>
<msg timestamp="20230412 22:47:04.378" level="WARN">Object 7 0 found</msg>
<msg timestamp="20230412 22:47:04.382" level="WARN">Overwriting cache for 0 7</msg>
<msg timestamp="20230412 22:47:04.382" level="WARN">Object 14 0 found</msg>
<msg timestamp="20230412 22:47:04.393" level="WARN">Overwriting cache for 0 14</msg>
<msg timestamp="20230412 22:47:04.398" level="WARN">Object 21 0 found</msg>
<msg timestamp="20230412 22:47:04.401" level="WARN">Overwriting cache for 0 21</msg>
<msg timestamp="20230412 22:47:04.413" level="WARN">Object 28 0 found</msg>
<msg timestamp="20230412 22:47:04.505" level="WARN">Overwriting cache for 0 28</msg>
<msg timestamp="20230412 22:47:06.811" level="WARN">Object 7 0 found</msg>
<msg timestamp="20230412 22:47:06.816" level="WARN">Overwriting cache for 0 7</msg>
<msg timestamp="20230412 22:47:06.818" level="WARN">Object 14 0 found</msg>
<msg timestamp="20230412 22:47:06.818" level="WARN">Overwriting cache for 0 14</msg>
<msg timestamp="20230412 22:47:06.828" level="WARN">Object 21 0 found</msg>
<msg timestamp="20230412 22:47:06.835" level="WARN">Overwriting cache for 0 21</msg>
<msg timestamp="20230412 22:47:06.843" level="WARN">Object 28 0 found</msg>
<msg timestamp="20230412 22:47:06.847" level="WARN">Overwriting cache for 0 28</msg>
<msg timestamp="20230412 22:47:09.217" level="WARN">Object 7 0 found</msg>
<msg timestamp="20230412 22:47:09.225" level="WARN">Overwriting cache for 0 7</msg>
<msg timestamp="20230412 22:47:09.233" level="WARN">Object 14 0 found</msg>
<msg timestamp="20230412 22:47:09.233" level="WARN">Overwriting cache for 0 14</msg>
<msg timestamp="20230412 22:47:09.240" level="WARN">Object 21 0 found</msg>
<msg timestamp="20230412 22:47:09.240" level="WARN">Overwriting cache for 0 21</msg>
<msg timestamp="20230412 22:47:09.249" level="WARN">Object 28 0 found</msg>
<msg timestamp="20230412 22:47:09.260" level="WARN">Overwriting cache for 0 28</msg>
<msg timestamp="20230412 22:47:11.940" level="WARN">Object 7 0 found</msg>
<msg timestamp="20230412 22:47:11.944" level="WARN">Overwriting cache for 0 7</msg>
<msg timestamp="20230412 22:47:11.944" level="WARN">Object 14 0 found</msg>
<msg timestamp="20230412 22:47:11.954" level="WARN">Overwriting cache for 0 14</msg>
<msg timestamp="20230412 22:47:11.957" level="WARN">Object 21 0 found</msg>
<msg timestamp="20230412 22:47:11.957" level="WARN">Overwriting cache for 0 21</msg>
<msg timestamp="20230412 22:47:11.974" level="WARN">Object 28 0 found</msg>
<msg timestamp="20230412 22:47:11.977" level="WARN">Overwriting cache for 0 28</msg>
<msg timestamp="20230412 22:47:14.656" level="WARN">Object 7 0 found</msg>
<msg timestamp="20230412 22:47:14.656" level="WARN">Overwriting cache for 0 7</msg>
<msg timestamp="20230412 22:47:14.664" level="WARN">Object 14 0 found</msg>
<msg timestamp="20230412 22:47:14.664" level="WARN">Overwriting cache for 0 14</msg>
<msg timestamp="20230412 22:47:14.672" level="WARN">Object 21 0 found</msg>
<msg timestamp="20230412 22:47:14.672" level="WARN">Overwriting cache for 0 21</msg>
<msg timestamp="20230412 22:47:14.685" level="WARN">Object 28 0 found</msg>
<msg timestamp="20230412 22:47:14.685" level="WARN">Overwriting cache for 0 28</msg>
<msg timestamp="20230412 22:47:17.359" level="WARN">Object 7 0 found</msg>
<msg timestamp="20230412 22:47:17.369" level="WARN">Overwriting cache for 0 7</msg>
<msg timestamp="20230412 22:47:17.373" level="WARN">Object 14 0 found</msg>
<msg timestamp="20230412 22:47:17.380" level="WARN">Overwriting cache for 0 14</msg>
<msg timestamp="20230412 22:47:17.385" level="WARN">Object 21 0 found</msg>
<msg timestamp="20230412 22:47:17.385" level="WARN">Overwriting cache for 0 21</msg>
<msg timestamp="20230412 22:47:17.394" level="WARN">Object 28 0 found</msg>
<msg timestamp="20230412 22:47:17.403" level="WARN">Overwriting cache for 0 28</msg>
</errors>
</robot>
